{"/home/lucksanjos/Documents/projects/aws-certification/backend/src/app.module.ts": {"path":"/home/lucksanjos/Documents/projects/aws-certification/backend/src/app.module.ts","statementMap":{"0":{"start":{"line":1,"column":0},"end":{"line":1,"column":40}},"1":{"start":{"line":2,"column":0},"end":{"line":2,"column":60}},"2":{"start":{"line":3,"column":0},"end":{"line":3,"column":51}},"3":{"start":{"line":8,"column":7},"end":{"line":8,"column":null}},"4":{"start":{"line":8,"column":13},"end":{"line":8,"column":22}},"5":{"start":{"line":8,"column":13},"end":{"line":8,"column":null}}},"fnMap":{},"branchMap":{},"s":{"0":0,"1":0,"2":0,"3":0,"4":0,"5":0},"f":{},"b":{}}
,"/home/lucksanjos/Documents/projects/aws-certification/backend/src/main.ts": {"path":"/home/lucksanjos/Documents/projects/aws-certification/backend/src/main.ts","statementMap":{"0":{"start":{"line":1,"column":0},"end":{"line":1,"column":26}},"1":{"start":{"line":2,"column":0},"end":{"line":2,"column":48}},"2":{"start":{"line":3,"column":0},"end":{"line":3,"column":43}},"3":{"start":{"line":4,"column":0},"end":{"line":4,"column":41}},"4":{"start":{"line":7,"column":14},"end":{"line":7,"column":49}},"5":{"start":{"line":8,"column":2},"end":{"line":8,"column":35}},"6":{"start":{"line":9,"column":2},"end":{"line":9,"column":29}},"7":{"start":{"line":10,"column":2},"end":{"line":16,"column":4}},"8":{"start":{"line":18,"column":15},"end":{"line":18,"column":47}},"9":{"start":{"line":19,"column":2},"end":{"line":19,"column":25}},"10":{"start":{"line":20,"column":2},"end":{"line":20,"column":61}},"11":{"start":{"line":23,"column":0},"end":{"line":23,"column":17}}},"fnMap":{"0":{"name":"bootstrap","decl":{"start":{"line":6,"column":15},"end":{"line":6,"column":24}},"loc":{"start":{"line":6,"column":24},"end":{"line":21,"column":1}}}},"branchMap":{"0":{"loc":{"start":{"line":18,"column":22},"end":{"line":18,"column":46}},"type":"binary-expr","locations":[{"start":{"line":18,"column":22},"end":{"line":18,"column":38}},{"start":{"line":18,"column":42},"end":{"line":18,"column":46}}]}},"s":{"0":0,"1":0,"2":0,"3":0,"4":0,"5":0,"6":0,"7":0,"8":0,"9":0,"10":0,"11":0},"f":{"0":0},"b":{"0":[0,0]}}
,"/home/lucksanjos/Documents/projects/aws-certification/backend/src/database/database.module.ts": {"path":"/home/lucksanjos/Documents/projects/aws-certification/backend/src/database/database.module.ts","statementMap":{"0":{"start":{"line":1,"column":0},"end":{"line":1,"column":48}},"1":{"start":{"line":2,"column":0},"end":{"line":2,"column":49}},"2":{"start":{"line":9,"column":7},"end":{"line":9,"column":null}},"3":{"start":{"line":9,"column":13},"end":{"line":9,"column":27}},"4":{"start":{"line":9,"column":13},"end":{"line":9,"column":null}}},"fnMap":{},"branchMap":{},"s":{"0":0,"1":0,"2":0,"3":0,"4":0},"f":{},"b":{}}
,"/home/lucksanjos/Documents/projects/aws-certification/backend/src/database/sqlite.service.ts": {"path":"/home/lucksanjos/Documents/projects/aws-certification/backend/src/database/sqlite.service.ts","statementMap":{"0":{"start":{"line":1,"column":0},"end":{"line":1,"column":61}},"1":{"start":{"line":2,"column":0},"end":{"line":2,"column":48}},"2":{"start":{"line":3,"column":0},"end":{"line":3,"column":43}},"3":{"start":{"line":4,"column":0},"end":{"line":4,"column":42}},"4":{"start":{"line":7,"column":7},"end":{"line":94,"column":null}},"5":{"start":{"line":9,"column":25},"end":{"line":9,"column":61}},"6":{"start":{"line":13,"column":20},"end":{"line":13,"column":61}},"7":{"start":{"line":14,"column":4},"end":{"line":16,"column":5}},"8":{"start":{"line":15,"column":6},"end":{"line":15,"column":46}},"9":{"start":{"line":18,"column":4},"end":{"line":18,"column":83}},"10":{"start":{"line":19,"column":4},"end":{"line":19,"column":56}},"11":{"start":{"line":20,"column":4},"end":{"line":20,"column":19}},"12":{"start":{"line":24,"column":4},"end":{"line":24,"column":25}},"13":{"start":{"line":28,"column":4},"end":{"line":28,"column":26}},"14":{"start":{"line":32,"column":4},"end":{"line":92,"column":7}},"15":{"start":{"line":7,"column":13},"end":{"line":7,"column":26}},"16":{"start":{"line":7,"column":13},"end":{"line":94,"column":null}}},"fnMap":{"0":{"name":"(anonymous_2)","decl":{"start":{"line":12,"column":2},"end":{"line":12,"column":null}},"loc":{"start":{"line":12,"column":2},"end":{"line":21,"column":3}}},"1":{"name":"(anonymous_3)","decl":{"start":{"line":23,"column":2},"end":{"line":23,"column":6}},"loc":{"start":{"line":23,"column":8},"end":{"line":25,"column":3}}},"2":{"name":"(anonymous_4)","decl":{"start":{"line":27,"column":2},"end":{"line":27,"column":17}},"loc":{"start":{"line":27,"column":17},"end":{"line":29,"column":3}}},"3":{"name":"(anonymous_5)","decl":{"start":{"line":31,"column":10},"end":{"line":31,"column":17}},"loc":{"start":{"line":31,"column":17},"end":{"line":93,"column":3}}}},"branchMap":{"0":{"loc":{"start":{"line":14,"column":4},"end":{"line":16,"column":5}},"type":"if","locations":[{"start":{"line":14,"column":4},"end":{"line":16,"column":5}},{"start":{},"end":{}}]},"1":{"loc":{"start":{"line":18,"column":24},"end":{"line":18,"column":82}},"type":"binary-expr","locations":[{"start":{"line":18,"column":24},"end":{"line":18,"column":47}},{"start":{"line":18,"column":51},"end":{"line":18,"column":82}}]}},"s":{"0":0,"1":0,"2":0,"3":0,"4":0,"5":0,"6":0,"7":0,"8":0,"9":0,"10":0,"11":0,"12":0,"13":0,"14":0,"15":0,"16":0},"f":{"0":0,"1":0,"2":0,"3":0},"b":{"0":[0,0],"1":[0,0]}}
,"/home/lucksanjos/Documents/projects/aws-certification/backend/src/exams/exams.module.ts": {"path":"/home/lucksanjos/Documents/projects/aws-certification/backend/src/exams/exams.module.ts","statementMap":{"0":{"start":{"line":1,"column":0},"end":{"line":1,"column":40}},"1":{"start":{"line":2,"column":0},"end":{"line":2,"column":71}},"2":{"start":{"line":3,"column":0},"end":{"line":3,"column":98}},"3":{"start":{"line":4,"column":0},"end":{"line":4,"column":71}},"4":{"start":{"line":5,"column":0},"end":{"line":5,"column":65}},"5":{"start":{"line":6,"column":0},"end":{"line":6,"column":71}},"6":{"start":{"line":7,"column":0},"end":{"line":7,"column":70}},"7":{"start":{"line":8,"column":0},"end":{"line":8,"column":64}},"8":{"start":{"line":9,"column":0},"end":{"line":9,"column":83}},"9":{"start":{"line":10,"column":0},"end":{"line":10,"column":77}},"10":{"start":{"line":11,"column":0},"end":{"line":11,"column":60}},"11":{"start":{"line":12,"column":0},"end":{"line":12,"column":54}},"12":{"start":{"line":13,"column":0},"end":{"line":13,"column":62}},"13":{"start":{"line":27,"column":7},"end":{"line":27,"column":null}},"14":{"start":{"line":27,"column":13},"end":{"line":27,"column":24}},"15":{"start":{"line":27,"column":13},"end":{"line":27,"column":null}}},"fnMap":{},"branchMap":{},"s":{"0":0,"1":0,"2":0,"3":0,"4":0,"5":0,"6":0,"7":0,"8":0,"9":0,"10":0,"11":0,"12":0,"13":0,"14":0,"15":0},"f":{},"b":{}}
,"/home/lucksanjos/Documents/projects/aws-certification/backend/src/exams/adapters/markdown-exam.adapter.ts": {"path":"/home/lucksanjos/Documents/projects/aws-certification/backend/src/exams/adapters/markdown-exam.adapter.ts","statementMap":{"0":{"start":{"line":1,"column":0},"end":{"line":1,"column":44}},"1":{"start":{"line":2,"column":0},"end":{"line":2,"column":39}},"2":{"start":{"line":3,"column":0},"end":{"line":3,"column":42}},"3":{"start":{"line":7,"column":7},"end":{"line":95,"column":null}},"4":{"start":{"line":8,"column":33},"end":{"line":8,"column":75}},"5":{"start":{"line":10,"column":4},"end":{"line":14,"column":null}},"6":{"start":{"line":18,"column":16},"end":{"line":18,"column":55}},"7":{"start":{"line":20,"column":6},"end":{"line":20,"column":74}},"8":{"start":{"line":21,"column":44},"end":{"line":21,"column":78}},"9":{"start":{"line":22,"column":22},"end":{"line":22,"column":87}},"10":{"start":{"line":24,"column":4},"end":{"line":29,"column":5}},"11":{"start":{"line":25,"column":6},"end":{"line":28,"column":9}},"12":{"start":{"line":31,"column":25},"end":{"line":33,"column":6}},"13":{"start":{"line":34,"column":42},"end":{"line":34,"column":44}},"14":{"start":{"line":36,"column":4},"end":{"line":85,"column":7}},"15":{"start":{"line":37,"column":26},"end":{"line":37,"column":47}},"16":{"start":{"line":38,"column":25},"end":{"line":38,"column":45}},"17":{"start":{"line":39,"column":25},"end":{"line":39,"column":65}},"18":{"start":{"line":40,"column":23},"end":{"line":40,"column":81}},"19":{"start":{"line":41,"column":24},"end":{"line":41,"column":64}},"20":{"start":{"line":42,"column":30},"end":{"line":42,"column":80}},"21":{"start":{"line":44,"column":6},"end":{"line":84,"column":9}},"22":{"start":{"line":45,"column":37},"end":{"line":45,"column":61}},"23":{"start":{"line":46,"column":30},"end":{"line":46,"column":76}},"24":{"start":{"line":48,"column":10},"end":{"line":48,"column":71}},"25":{"start":{"line":49,"column":29},"end":{"line":49,"column":79}},"26":{"start":{"line":50,"column":22},"end":{"line":53,"column":26}},"27":{"start":{"line":52,"column":25},"end":{"line":52,"column":36}},"28":{"start":{"line":54,"column":38},"end":{"line":54,"column":40}},"29":{"start":{"line":55,"column":24},"end":{"line":55,"column":49}},"30":{"start":{"line":57,"column":8},"end":{"line":64,"column":9}},"31":{"start":{"line":58,"column":30},"end":{"line":58,"column":73}},"32":{"start":{"line":59,"column":10},"end":{"line":62,"column":11}},"33":{"start":{"line":60,"column":12},"end":{"line":60,"column":63}},"34":{"start":{"line":61,"column":12},"end":{"line":61,"column":21}},"35":{"start":{"line":63,"column":10},"end":{"line":63,"column":33}},"36":{"start":{"line":66,"column":23},"end":{"line":66,"column":58}},"37":{"start":{"line":67,"column":8},"end":{"line":69,"column":9}},"38":{"start":{"line":68,"column":10},"end":{"line":68,"column":93}},"39":{"start":{"line":71,"column":8},"end":{"line":83,"column":11}},"40":{"start":{"line":87,"column":4},"end":{"line":93,"column":6}},"41":{"start":{"line":7,"column":13},"end":{"line":7,"column":32}},"42":{"start":{"line":7,"column":13},"end":{"line":95,"column":null}}},"fnMap":{"0":{"name":"(anonymous_1)","decl":{"start":{"line":17,"column":2},"end":{"line":17,"column":19}},"loc":{"start":{"line":17,"column":19},"end":{"line":94,"column":3}}},"1":{"name":"(anonymous_2)","decl":{"start":{"line":36,"column":25},"end":{"line":36,"column":26}},"loc":{"start":{"line":36,"column":52},"end":{"line":85,"column":5}}},"2":{"name":"(anonymous_3)","decl":{"start":{"line":44,"column":30},"end":{"line":44,"column":31}},"loc":{"start":{"line":44,"column":63},"end":{"line":84,"column":7}}},"3":{"name":"(anonymous_4)","decl":{"start":{"line":52,"column":15},"end":{"line":52,"column":16}},"loc":{"start":{"line":52,"column":25},"end":{"line":52,"column":36}}}},"branchMap":{"0":{"loc":{"start":{"line":10,"column":4},"end":{"line":14,"column":null}},"type":"binary-expr","locations":[{"start":{"line":10,"column":4},"end":{"line":10,"column":29}},{"start":{"line":11,"column":4},"end":{"line":14,"column":null}}]},"1":{"loc":{"start":{"line":20,"column":6},"end":{"line":20,"column":74}},"type":"binary-expr","locations":[{"start":{"line":20,"column":6},"end":{"line":20,"column":43}},{"start":{"line":20,"column":47},"end":{"line":20,"column":74}}]},"2":{"loc":{"start":{"line":21,"column":25},"end":{"line":21,"column":40}},"type":"default-arg","locations":[{"start":{"line":21,"column":38},"end":{"line":21,"column":40}}]},"3":{"loc":{"start":{"line":40,"column":23},"end":{"line":40,"column":81}},"type":"binary-expr","locations":[{"start":{"line":40,"column":23},"end":{"line":40,"column":58}},{"start":{"line":40,"column":62},"end":{"line":40,"column":81}}]},"4":{"loc":{"start":{"line":48,"column":10},"end":{"line":48,"column":71}},"type":"binary-expr","locations":[{"start":{"line":48,"column":10},"end":{"line":48,"column":51}},{"start":{"line":48,"column":55},"end":{"line":48,"column":71}}]},"5":{"loc":{"start":{"line":59,"column":10},"end":{"line":62,"column":11}},"type":"if","locations":[{"start":{"line":59,"column":10},"end":{"line":62,"column":11}},{"start":{},"end":{}}]},"6":{"loc":{"start":{"line":67,"column":8},"end":{"line":69,"column":9}},"type":"if","locations":[{"start":{"line":67,"column":8},"end":{"line":69,"column":9}},{"start":{},"end":{}}]},"7":{"loc":{"start":{"line":76,"column":19},"end":{"line":76,"column":41}},"type":"binary-expr","locations":[{"start":{"line":76,"column":19},"end":{"line":76,"column":35}},{"start":{"line":76,"column":39},"end":{"line":76,"column":41}}]},"8":{"loc":{"start":{"line":77,"column":19},"end":{"line":77,"column":41}},"type":"binary-expr","locations":[{"start":{"line":77,"column":19},"end":{"line":77,"column":35}},{"start":{"line":77,"column":39},"end":{"line":77,"column":41}}]},"9":{"loc":{"start":{"line":78,"column":19},"end":{"line":78,"column":41}},"type":"binary-expr","locations":[{"start":{"line":78,"column":19},"end":{"line":78,"column":35}},{"start":{"line":78,"column":39},"end":{"line":78,"column":41}}]},"10":{"loc":{"start":{"line":79,"column":19},"end":{"line":79,"column":41}},"type":"binary-expr","locations":[{"start":{"line":79,"column":19},"end":{"line":79,"column":35}},{"start":{"line":79,"column":39},"end":{"line":79,"column":41}}]}},"s":{"0":0,"1":0,"2":0,"3":0,"4":0,"5":0,"6":0,"7":0,"8":0,"9":0,"10":0,"11":0,"12":0,"13":0,"14":0,"15":0,"16":0,"17":0,"18":0,"19":0,"20":0,"21":0,"22":0,"23":0,"24":0,"25":0,"26":0,"27":0,"28":0,"29":0,"30":0,"31":0,"32":0,"33":0,"34":0,"35":0,"36":0,"37":0,"38":0,"39":0,"40":0,"41":0,"42":0},"f":{"0":0,"1":0,"2":0,"3":0},"b":{"0":[0,0],"1":[0,0],"2":[0],"3":[0,0],"4":[0,0],"5":[0,0],"6":[0,0],"7":[0,0],"8":[0,0],"9":[0,0],"10":[0,0]}}
,"/home/lucksanjos/Documents/projects/aws-certification/backend/src/exams/adapters/spreadsheet-question-import.adapter.ts": {"path":"/home/lucksanjos/Documents/projects/aws-certification/backend/src/exams/adapters/spreadsheet-question-import.adapter.ts","statementMap":{"0":{"start":{"line":1,"column":0},"end":{"line":1,"column":65}},"1":{"start":{"line":4,"column":16},"end":{"line":15,"column":2}},"2":{"start":{"line":18,"column":7},"end":{"line":198,"column":null}},"3":{"start":{"line":20,"column":17},"end":{"line":20,"column":63}},"4":{"start":{"line":21,"column":17},"end":{"line":21,"column":36}},"5":{"start":{"line":22,"column":4},"end":{"line":24,"column":5}},"6":{"start":{"line":23,"column":6},"end":{"line":23,"column":78}},"7":{"start":{"line":26,"column":4},"end":{"line":28,"column":73}},"8":{"start":{"line":27,"column":27},"end":{"line":27,"column":61}},"9":{"start":{"line":28,"column":33},"end":{"line":28,"column":70}},"10":{"start":{"line":32,"column":17},"end":{"line":60,"column":6}},"11":{"start":{"line":61,"column":16},"end":{"line":68,"column":16}},"12":{"start":{"line":64,"column":8},"end":{"line":66,"column":19}},"13":{"start":{"line":65,"column":10},"end":{"line":65,"column":71}},"14":{"start":{"line":70,"column":4},"end":{"line":70,"column":49}},"15":{"start":{"line":74,"column":24},"end":{"line":74,"column":56}},"16":{"start":{"line":75,"column":34},"end":{"line":75,"column":86}},"17":{"start":{"line":76,"column":26},"end":{"line":76,"column":75}},"18":{"start":{"line":78,"column":39},"end":{"line":90,"column":6}},"19":{"start":{"line":92,"column":20},"end":{"line":106,"column":30}},"20":{"start":{"line":105,"column":26},"end":{"line":105,"column":29}},"21":{"start":{"line":106,"column":24},"end":{"line":106,"column":29}},"22":{"start":{"line":108,"column":4},"end":{"line":112,"column":5}},"23":{"start":{"line":109,"column":6},"end":{"line":111,"column":8}},"24":{"start":{"line":114,"column":4},"end":{"line":114,"column":20}},"25":{"start":{"line":118,"column":18},"end":{"line":119,"column":null}},"26":{"start":{"line":119,"column":20},"end":{"line":119,"column":66}},"27":{"start":{"line":121,"column":4},"end":{"line":121,"column":43}},"28":{"start":{"line":125,"column":19},"end":{"line":125,"column":41}},"29":{"start":{"line":126,"column":4},"end":{"line":126,"column":37}},"30":{"start":{"line":126,"column":27},"end":{"line":126,"column":37}},"31":{"start":{"line":128,"column":20},"end":{"line":128,"column":69}},"32":{"start":{"line":128,"column":46},"end":{"line":128,"column":68}},"33":{"start":{"line":129,"column":4},"end":{"line":137,"column":8}},"34":{"start":{"line":131,"column":23},"end":{"line":131,"column":54}},"35":{"start":{"line":131,"column":42},"end":{"line":131,"column":53}},"36":{"start":{"line":133,"column":8},"end":{"line":136,"column":14}},"37":{"start":{"line":134,"column":10},"end":{"line":134,"column":41}},"38":{"start":{"line":135,"column":10},"end":{"line":135,"column":21}},"39":{"start":{"line":141,"column":29},"end":{"line":141,"column":31}},"40":{"start":{"line":142,"column":24},"end":{"line":142,"column":26}},"41":{"start":{"line":143,"column":15},"end":{"line":143,"column":17}},"42":{"start":{"line":144,"column":17},"end":{"line":144,"column":22}},"43":{"start":{"line":146,"column":4},"end":{"line":177,"column":5}},"44":{"start":{"line":146,"column":21},"end":{"line":146,"column":22}},"45":{"start":{"line":147,"column":19},"end":{"line":147,"column":30}},"46":{"start":{"line":148,"column":19},"end":{"line":148,"column":34}},"47":{"start":{"line":150,"column":6},"end":{"line":154,"column":7}},"48":{"start":{"line":151,"column":8},"end":{"line":151,"column":20}},"49":{"start":{"line":152,"column":8},"end":{"line":152,"column":19}},"50":{"start":{"line":153,"column":8},"end":{"line":153,"column":17}},"51":{"start":{"line":156,"column":6},"end":{"line":159,"column":7}},"52":{"start":{"line":157,"column":8},"end":{"line":157,"column":25}},"53":{"start":{"line":158,"column":8},"end":{"line":158,"column":17}},"54":{"start":{"line":161,"column":6},"end":{"line":165,"column":7}},"55":{"start":{"line":162,"column":8},"end":{"line":162,"column":23}},"56":{"start":{"line":163,"column":8},"end":{"line":163,"column":18}},"57":{"start":{"line":164,"column":8},"end":{"line":164,"column":17}},"58":{"start":{"line":167,"column":6},"end":{"line":174,"column":7}},"59":{"start":{"line":168,"column":8},"end":{"line":168,"column":55}},"60":{"start":{"line":168,"column":44},"end":{"line":168,"column":55}},"61":{"start":{"line":169,"column":8},"end":{"line":169,"column":23}},"62":{"start":{"line":170,"column":8},"end":{"line":170,"column":23}},"63":{"start":{"line":171,"column":8},"end":{"line":171,"column":17}},"64":{"start":{"line":172,"column":8},"end":{"line":172,"column":18}},"65":{"start":{"line":173,"column":8},"end":{"line":173,"column":17}},"66":{"start":{"line":176,"column":6},"end":{"line":176,"column":19}},"67":{"start":{"line":179,"column":4},"end":{"line":182,"column":5}},"68":{"start":{"line":180,"column":6},"end":{"line":180,"column":21}},"69":{"start":{"line":181,"column":6},"end":{"line":181,"column":21}},"70":{"start":{"line":184,"column":4},"end":{"line":184,"column":16}},"71":{"start":{"line":188,"column":4},"end":{"line":188,"column":44}},"72":{"start":{"line":192,"column":4},"end":{"line":196,"column":14}},"73":{"start":{"line":18,"column":13},"end":{"line":18,"column":45}},"74":{"start":{"line":18,"column":13},"end":{"line":198,"column":null}}},"fnMap":{"0":{"name":"(anonymous_1)","decl":{"start":{"line":19,"column":2},"end":{"line":19,"column":7}},"loc":{"start":{"line":19,"column":22},"end":{"line":29,"column":3}}},"1":{"name":"(anonymous_2)","decl":{"start":{"line":27,"column":11},"end":{"line":27,"column":12}},"loc":{"start":{"line":27,"column":27},"end":{"line":27,"column":61}}},"2":{"name":"(anonymous_3)","decl":{"start":{"line":28,"column":11},"end":{"line":28,"column":12}},"loc":{"start":{"line":28,"column":33},"end":{"line":28,"column":70}}},"3":{"name":"(anonymous_4)","decl":{"start":{"line":31,"column":2},"end":{"line":31,"column":16}},"loc":{"start":{"line":31,"column":16},"end":{"line":71,"column":3}}},"4":{"name":"(anonymous_5)","decl":{"start":{"line":63,"column":18},"end":{"line":63,"column":19}},"loc":{"start":{"line":64,"column":8},"end":{"line":66,"column":19}}},"5":{"name":"(anonymous_6)","decl":{"start":{"line":64,"column":20},"end":{"line":64,"column":21}},"loc":{"start":{"line":65,"column":10},"end":{"line":65,"column":71}}},"6":{"name":"(anonymous_7)","decl":{"start":{"line":73,"column":10},"end":{"line":73,"column":23}},"loc":{"start":{"line":73,"column":71},"end":{"line":115,"column":3}}},"7":{"name":"(anonymous_8)","decl":{"start":{"line":105,"column":14},"end":{"line":105,"column":15}},"loc":{"start":{"line":105,"column":26},"end":{"line":105,"column":29}}},"8":{"name":"(anonymous_9)","decl":{"start":{"line":106,"column":11},"end":{"line":106,"column":12}},"loc":{"start":{"line":106,"column":24},"end":{"line":106,"column":29}}},"9":{"name":"(anonymous_10)","decl":{"start":{"line":117,"column":10},"end":{"line":117,"column":15}},"loc":{"start":{"line":117,"column":57},"end":{"line":122,"column":3}}},"10":{"name":"(anonymous_11)","decl":{"start":{"line":119,"column":6},"end":{"line":119,"column":7}},"loc":{"start":{"line":119,"column":20},"end":{"line":119,"column":66}}},"11":{"name":"(anonymous_12)","decl":{"start":{"line":124,"column":10},"end":{"line":124,"column":18}},"loc":{"start":{"line":124,"column":31},"end":{"line":138,"column":3}}},"12":{"name":"(anonymous_13)","decl":{"start":{"line":128,"column":34},"end":{"line":128,"column":35}},"loc":{"start":{"line":128,"column":46},"end":{"line":128,"column":68}}},"13":{"name":"(anonymous_14)","decl":{"start":{"line":131,"column":14},"end":{"line":131,"column":15}},"loc":{"start":{"line":131,"column":23},"end":{"line":131,"column":54}}},"14":{"name":"(anonymous_15)","decl":{"start":{"line":131,"column":32},"end":{"line":131,"column":33}},"loc":{"start":{"line":131,"column":42},"end":{"line":131,"column":53}}},"15":{"name":"(anonymous_16)","decl":{"start":{"line":132,"column":11},"end":{"line":132,"column":12}},"loc":{"start":{"line":133,"column":8},"end":{"line":136,"column":14}}},"16":{"name":"(anonymous_17)","decl":{"start":{"line":133,"column":47},"end":{"line":133,"column":48}},"loc":{"start":{"line":133,"column":70},"end":{"line":136,"column":9}}},"17":{"name":"(anonymous_18)","decl":{"start":{"line":140,"column":10},"end":{"line":140,"column":21}},"loc":{"start":{"line":140,"column":34},"end":{"line":185,"column":3}}},"18":{"name":"(anonymous_19)","decl":{"start":{"line":187,"column":10},"end":{"line":187,"column":19}},"loc":{"start":{"line":187,"column":33},"end":{"line":189,"column":3}}},"19":{"name":"(anonymous_20)","decl":{"start":{"line":191,"column":10},"end":{"line":191,"column":19}},"loc":{"start":{"line":191,"column":33},"end":{"line":197,"column":3}}}},"branchMap":{"0":{"loc":{"start":{"line":22,"column":4},"end":{"line":24,"column":5}},"type":"if","locations":[{"start":{"line":22,"column":4},"end":{"line":24,"column":5}},{"start":{},"end":{}}]},"1":{"loc":{"start":{"line":65,"column":32},"end":{"line":65,"column":69}},"type":"binary-expr","locations":[{"start":{"line":65,"column":32},"end":{"line":65,"column":63}},{"start":{"line":65,"column":67},"end":{"line":65,"column":69}}]},"2":{"loc":{"start":{"line":75,"column":41},"end":{"line":75,"column":85}},"type":"binary-expr","locations":[{"start":{"line":75,"column":41},"end":{"line":75,"column":79}},{"start":{"line":75,"column":83},"end":{"line":75,"column":85}}]},"3":{"loc":{"start":{"line":93,"column":13},"end":{"line":93,"column":60}},"type":"binary-expr","locations":[{"start":{"line":93,"column":13},"end":{"line":93,"column":41}},{"start":{"line":93,"column":45},"end":{"line":93,"column":60}}]},"4":{"loc":{"start":{"line":103,"column":8},"end":{"line":103,"column":75}},"type":"binary-expr","locations":[{"start":{"line":103,"column":8},"end":{"line":103,"column":46}},{"start":{"line":103,"column":50},"end":{"line":103,"column":75}}]},"5":{"loc":{"start":{"line":108,"column":4},"end":{"line":112,"column":5}},"type":"if","locations":[{"start":{"line":108,"column":4},"end":{"line":112,"column":5}},{"start":{},"end":{}}]},"6":{"loc":{"start":{"line":121,"column":18},"end":{"line":121,"column":34}},"type":"binary-expr","locations":[{"start":{"line":121,"column":18},"end":{"line":121,"column":28}},{"start":{"line":121,"column":32},"end":{"line":121,"column":34}}]},"7":{"loc":{"start":{"line":126,"column":4},"end":{"line":126,"column":37}},"type":"if","locations":[{"start":{"line":126,"column":4},"end":{"line":126,"column":37}},{"start":{},"end":{}}]},"8":{"loc":{"start":{"line":134,"column":24},"end":{"line":134,"column":40}},"type":"binary-expr","locations":[{"start":{"line":134,"column":24},"end":{"line":134,"column":34}},{"start":{"line":134,"column":38},"end":{"line":134,"column":40}}]},"9":{"loc":{"start":{"line":150,"column":6},"end":{"line":154,"column":7}},"type":"if","locations":[{"start":{"line":150,"column":6},"end":{"line":154,"column":7}},{"start":{},"end":{}}]},"10":{"loc":{"start":{"line":150,"column":10},"end":{"line":150,"column":48}},"type":"binary-expr","locations":[{"start":{"line":150,"column":10},"end":{"line":150,"column":22}},{"start":{"line":150,"column":26},"end":{"line":150,"column":32}},{"start":{"line":150,"column":36},"end":{"line":150,"column":48}}]},"11":{"loc":{"start":{"line":156,"column":6},"end":{"line":159,"column":7}},"type":"if","locations":[{"start":{"line":156,"column":6},"end":{"line":159,"column":7}},{"start":{},"end":{}}]},"12":{"loc":{"start":{"line":161,"column":6},"end":{"line":165,"column":7}},"type":"if","locations":[{"start":{"line":161,"column":6},"end":{"line":165,"column":7}},{"start":{},"end":{}}]},"13":{"loc":{"start":{"line":161,"column":10},"end":{"line":161,"column":33}},"type":"binary-expr","locations":[{"start":{"line":161,"column":10},"end":{"line":161,"column":22}},{"start":{"line":161,"column":26},"end":{"line":161,"column":33}}]},"14":{"loc":{"start":{"line":167,"column":6},"end":{"line":174,"column":7}},"type":"if","locations":[{"start":{"line":167,"column":6},"end":{"line":174,"column":7}},{"start":{},"end":{}}]},"15":{"loc":{"start":{"line":167,"column":10},"end":{"line":167,"column":53}},"type":"binary-expr","locations":[{"start":{"line":167,"column":11},"end":{"line":167,"column":24}},{"start":{"line":167,"column":28},"end":{"line":167,"column":41}},{"start":{"line":167,"column":46},"end":{"line":167,"column":53}}]},"16":{"loc":{"start":{"line":168,"column":8},"end":{"line":168,"column":55}},"type":"if","locations":[{"start":{"line":168,"column":8},"end":{"line":168,"column":55}},{"start":{},"end":{}}]},"17":{"loc":{"start":{"line":168,"column":12},"end":{"line":168,"column":42}},"type":"binary-expr","locations":[{"start":{"line":168,"column":12},"end":{"line":168,"column":25}},{"start":{"line":168,"column":29},"end":{"line":168,"column":42}}]},"18":{"loc":{"start":{"line":179,"column":4},"end":{"line":182,"column":5}},"type":"if","locations":[{"start":{"line":179,"column":4},"end":{"line":182,"column":5}},{"start":{},"end":{}}]},"19":{"loc":{"start":{"line":179,"column":8},"end":{"line":179,"column":26}},"type":"binary-expr","locations":[{"start":{"line":179,"column":8},"end":{"line":179,"column":12}},{"start":{"line":179,"column":16},"end":{"line":179,"column":26}}]}},"s":{"0":0,"1":0,"2":0,"3":0,"4":0,"5":0,"6":0,"7":0,"8":0,"9":0,"10":0,"11":0,"12":0,"13":0,"14":0,"15":0,"16":0,"17":0,"18":0,"19":0,"20":0,"21":0,"22":0,"23":0,"24":0,"25":0,"26":0,"27":0,"28":0,"29":0,"30":0,"31":0,"32":0,"33":0,"34":0,"35":0,"36":0,"37":0,"38":0,"39":0,"40":0,"41":0,"42":0,"43":0,"44":0,"45":0,"46":0,"47":0,"48":0,"49":0,"50":0,"51":0,"52":0,"53":0,"54":0,"55":0,"56":0,"57":0,"58":0,"59":0,"60":0,"61":0,"62":0,"63":0,"64":0,"65":0,"66":0,"67":0,"68":0,"69":0,"70":0,"71":0,"72":0,"73":0,"74":0},"f":{"0":0,"1":0,"2":0,"3":0,"4":0,"5":0,"6":0,"7":0,"8":0,"9":0,"10":0,"11":0,"12":0,"13":0,"14":0,"15":0,"16":0,"17":0,"18":0,"19":0},"b":{"0":[0,0],"1":[0,0],"2":[0,0],"3":[0,0],"4":[0,0],"5":[0,0],"6":[0,0],"7":[0,0],"8":[0,0],"9":[0,0],"10":[0,0,0],"11":[0,0],"12":[0,0],"13":[0,0],"14":[0,0],"15":[0,0,0],"16":[0,0],"17":[0,0],"18":[0,0],"19":[0,0]}}
,"/home/lucksanjos/Documents/projects/aws-certification/backend/src/exams/controllers/attempts.controller.ts": {"path":"/home/lucksanjos/Documents/projects/aws-certification/backend/src/exams/controllers/attempts.controller.ts","statementMap":{"0":{"start":{"line":1,"column":0},"end":{"line":1,"column":75}},"1":{"start":{"line":2,"column":0},"end":{"line":2,"column":61}},"2":{"start":{"line":3,"column":0},"end":{"line":3,"column":59}},"3":{"start":{"line":4,"column":0},"end":{"line":4,"column":55}},"4":{"start":{"line":5,"column":0},"end":{"line":5,"column":61}},"5":{"start":{"line":8,"column":7},"end":{"line":48,"column":null}},"6":{"start":{"line":9,"column":31},"end":{"line":9,"column":47}},"7":{"start":{"line":13,"column":4},"end":{"line":13,"column":50}},"8":{"start":{"line":18,"column":4},"end":{"line":18,"column":46}},"9":{"start":{"line":23,"column":4},"end":{"line":23,"column":49}},"10":{"start":{"line":32,"column":4},"end":{"line":32,"column":71}},"11":{"start":{"line":41,"column":4},"end":{"line":41,"column":73}},"12":{"start":{"line":46,"column":4},"end":{"line":46,"column":49}},"13":{"start":{"line":8,"column":13},"end":{"line":8,"column":31}},"14":{"start":{"line":12,"column":2},"end":{"line":14,"column":null}},"15":{"start":{"line":17,"column":2},"end":{"line":19,"column":null}},"16":{"start":{"line":22,"column":2},"end":{"line":24,"column":null}},"17":{"start":{"line":27,"column":2},"end":{"line":33,"column":null}},"18":{"start":{"line":36,"column":2},"end":{"line":42,"column":null}},"19":{"start":{"line":45,"column":2},"end":{"line":47,"column":null}},"20":{"start":{"line":8,"column":13},"end":{"line":48,"column":null}}},"fnMap":{"0":{"name":"(anonymous_4)","decl":{"start":{"line":9,"column":2},"end":{"line":9,"column":31}},"loc":{"start":{"line":9,"column":61},"end":{"line":9,"column":65}}},"1":{"name":"(anonymous_5)","decl":{"start":{"line":12,"column":2},"end":{"line":12,"column":15}},"loc":{"start":{"line":12,"column":45},"end":{"line":14,"column":3}}},"2":{"name":"(anonymous_6)","decl":{"start":{"line":17,"column":2},"end":{"line":17,"column":12}},"loc":{"start":{"line":17,"column":36},"end":{"line":19,"column":3}}},"3":{"name":"(anonymous_7)","decl":{"start":{"line":22,"column":2},"end":{"line":22,"column":15}},"loc":{"start":{"line":22,"column":39},"end":{"line":24,"column":3}}},"4":{"name":"(anonymous_8)","decl":{"start":{"line":27,"column":2},"end":{"line":27,"column":12}},"loc":{"start":{"line":30,"column":30},"end":{"line":33,"column":3}}},"5":{"name":"(anonymous_9)","decl":{"start":{"line":36,"column":2},"end":{"line":36,"column":14}},"loc":{"start":{"line":39,"column":32},"end":{"line":42,"column":3}}},"6":{"name":"(anonymous_10)","decl":{"start":{"line":45,"column":2},"end":{"line":45,"column":15}},"loc":{"start":{"line":45,"column":39},"end":{"line":47,"column":3}}}},"branchMap":{},"s":{"0":0,"1":0,"2":0,"3":0,"4":0,"5":0,"6":0,"7":0,"8":0,"9":0,"10":0,"11":0,"12":0,"13":0,"14":0,"15":0,"16":0,"17":0,"18":0,"19":0,"20":0},"f":{"0":0,"1":0,"2":0,"3":0,"4":0,"5":0,"6":0},"b":{}}
,"/home/lucksanjos/Documents/projects/aws-certification/backend/src/exams/controllers/exams.controller.ts": {"path":"/home/lucksanjos/Documents/projects/aws-certification/backend/src/exams/controllers/exams.controller.ts","statementMap":{"0":{"start":{"line":1,"column":0},"end":{"line":1,"column":null}},"1":{"start":{"line":14,"column":0},"end":{"line":14,"column":59}},"2":{"start":{"line":16,"column":0},"end":{"line":16,"column":57}},"3":{"start":{"line":17,"column":0},"end":{"line":17,"column":65}},"4":{"start":{"line":18,"column":0},"end":{"line":18,"column":55}},"5":{"start":{"line":21,"column":7},"end":{"line":66,"column":null}},"6":{"start":{"line":22,"column":31},"end":{"line":22,"column":44}},"7":{"start":{"line":26,"column":4},"end":{"line":26,"column":84}},"8":{"start":{"line":31,"column":4},"end":{"line":31,"column":51}},"9":{"start":{"line":36,"column":4},"end":{"line":36,"column":41}},"10":{"start":{"line":41,"column":4},"end":{"line":41,"column":45}},"11":{"start":{"line":48,"column":19},"end":{"line":48,"column":52}},"12":{"start":{"line":49,"column":4},"end":{"line":49,"column":56}},"13":{"start":{"line":50,"column":4},"end":{"line":50,"column":38}},"14":{"start":{"line":60,"column":4},"end":{"line":64,"column":7}},"15":{"start":{"line":21,"column":13},"end":{"line":21,"column":28}},"16":{"start":{"line":25,"column":2},"end":{"line":27,"column":null}},"17":{"start":{"line":30,"column":2},"end":{"line":32,"column":null}},"18":{"start":{"line":35,"column":2},"end":{"line":37,"column":null}},"19":{"start":{"line":40,"column":2},"end":{"line":42,"column":null}},"20":{"start":{"line":47,"column":2},"end":{"line":51,"column":null}},"21":{"start":{"line":55,"column":2},"end":{"line":65,"column":null}},"22":{"start":{"line":21,"column":13},"end":{"line":66,"column":null}}},"fnMap":{"0":{"name":"(anonymous_4)","decl":{"start":{"line":22,"column":2},"end":{"line":22,"column":31}},"loc":{"start":{"line":22,"column":55},"end":{"line":22,"column":59}}},"1":{"name":"(anonymous_5)","decl":{"start":{"line":25,"column":2},"end":{"line":25,"column":8}},"loc":{"start":{"line":25,"column":8},"end":{"line":27,"column":3}}},"2":{"name":"(anonymous_6)","decl":{"start":{"line":30,"column":2},"end":{"line":30,"column":9}},"loc":{"start":{"line":30,"column":44},"end":{"line":32,"column":3}}},"3":{"name":"(anonymous_7)","decl":{"start":{"line":35,"column":2},"end":{"line":35,"column":12}},"loc":{"start":{"line":35,"column":12},"end":{"line":37,"column":3}}},"4":{"name":"(anonymous_8)","decl":{"start":{"line":40,"column":2},"end":{"line":40,"column":13}},"loc":{"start":{"line":40,"column":41},"end":{"line":42,"column":3}}},"5":{"name":"(anonymous_9)","decl":{"start":{"line":47,"column":2},"end":{"line":47,"column":18}},"loc":{"start":{"line":47,"column":65},"end":{"line":51,"column":3}}},"6":{"name":"(anonymous_10)","decl":{"start":{"line":55,"column":2},"end":{"line":55,"column":17}},"loc":{"start":{"line":58,"column":35},"end":{"line":65,"column":3}}}},"branchMap":{},"s":{"0":0,"1":0,"2":0,"3":0,"4":0,"5":0,"6":0,"7":0,"8":0,"9":0,"10":0,"11":0,"12":0,"13":0,"14":0,"15":0,"16":0,"17":0,"18":0,"19":0,"20":0,"21":0,"22":0},"f":{"0":0,"1":0,"2":0,"3":0,"4":0,"5":0,"6":0},"b":{}}
,"/home/lucksanjos/Documents/projects/aws-certification/backend/src/exams/controllers/progress.controller.ts": {"path":"/home/lucksanjos/Documents/projects/aws-certification/backend/src/exams/controllers/progress.controller.ts","statementMap":{"0":{"start":{"line":1,"column":0},"end":{"line":1,"column":67}},"1":{"start":{"line":2,"column":0},"end":{"line":2,"column":63}},"2":{"start":{"line":5,"column":7},"end":{"line":18,"column":null}},"3":{"start":{"line":6,"column":31},"end":{"line":6,"column":48}},"4":{"start":{"line":10,"column":4},"end":{"line":10,"column":46}},"5":{"start":{"line":16,"column":4},"end":{"line":16,"column":33}},"6":{"start":{"line":5,"column":13},"end":{"line":5,"column":31}},"7":{"start":{"line":9,"column":2},"end":{"line":11,"column":null}},"8":{"start":{"line":15,"column":2},"end":{"line":17,"column":null}},"9":{"start":{"line":5,"column":13},"end":{"line":18,"column":null}}},"fnMap":{"0":{"name":"(anonymous_2)","decl":{"start":{"line":6,"column":2},"end":{"line":6,"column":31}},"loc":{"start":{"line":6,"column":63},"end":{"line":6,"column":67}}},"1":{"name":"(anonymous_3)","decl":{"start":{"line":9,"column":2},"end":{"line":9,"column":13}},"loc":{"start":{"line":9,"column":13},"end":{"line":11,"column":3}}},"2":{"name":"(anonymous_4)","decl":{"start":{"line":15,"column":2},"end":{"line":15,"column":15}},"loc":{"start":{"line":15,"column":15},"end":{"line":17,"column":3}}}},"branchMap":{},"s":{"0":0,"1":0,"2":0,"3":0,"4":0,"5":0,"6":0,"7":0,"8":0,"9":0},"f":{"0":0,"1":0,"2":0},"b":{}}
,"/home/lucksanjos/Documents/projects/aws-certification/backend/src/exams/dto/create-attempt.dto.ts": {"path":"/home/lucksanjos/Documents/projects/aws-certification/backend/src/exams/dto/create-attempt.dto.ts","statementMap":{"0":{"start":{"line":1,"column":0},"end":{"line":1,"column":73}},"1":{"start":{"line":2,"column":0},"end":{"line":2,"column":41}},"2":{"start":{"line":5,"column":0},"end":{"line":5,"column":13}},"3":{"start":{"line":7,"column":2},"end":{"line":7,"column":null}},"4":{"start":{"line":13,"column":2},"end":{"line":13,"column":null}},"5":{"start":{"line":10,"column":14},"end":{"line":10,"column":20}},"6":{"start":{"line":17,"column":2},"end":{"line":17,"column":null}}},"fnMap":{"0":{"name":"(anonymous_2)","decl":{"start":{"line":10,"column":8},"end":{"line":10,"column":11}},"loc":{"start":{"line":10,"column":14},"end":{"line":10,"column":20}}}},"branchMap":{},"s":{"0":0,"1":0,"2":0,"3":0,"4":0,"5":0,"6":0},"f":{"0":0},"b":{}}
,"/home/lucksanjos/Documents/projects/aws-certification/backend/src/exams/dto/create-theme.dto.ts": {"path":"/home/lucksanjos/Documents/projects/aws-certification/backend/src/exams/dto/create-theme.dto.ts","statementMap":{"0":{"start":{"line":1,"column":0},"end":{"line":1,"column":77}},"1":{"start":{"line":3,"column":0},"end":{"line":3,"column":13}},"2":{"start":{"line":7,"column":2},"end":{"line":7,"column":null}},"3":{"start":{"line":12,"column":2},"end":{"line":12,"column":null}},"4":{"start":{"line":17,"column":2},"end":{"line":17,"column":null}}},"fnMap":{},"branchMap":{},"s":{"0":0,"1":0,"2":0,"3":0,"4":0},"f":{},"b":{}}
,"/home/lucksanjos/Documents/projects/aws-certification/backend/src/exams/dto/mark-question.dto.ts": {"path":"/home/lucksanjos/Documents/projects/aws-certification/backend/src/exams/dto/mark-question.dto.ts","statementMap":{"0":{"start":{"line":1,"column":0},"end":{"line":1,"column":44}},"1":{"start":{"line":3,"column":0},"end":{"line":3,"column":13}},"2":{"start":{"line":5,"column":2},"end":{"line":5,"column":null}}},"fnMap":{},"branchMap":{},"s":{"0":0,"1":0,"2":0},"f":{},"b":{}}
,"/home/lucksanjos/Documents/projects/aws-certification/backend/src/exams/dto/save-answer.dto.ts": {"path":"/home/lucksanjos/Documents/projects/aws-certification/backend/src/exams/dto/save-answer.dto.ts","statementMap":{"0":{"start":{"line":1,"column":0},"end":{"line":1,"column":50}},"1":{"start":{"line":3,"column":0},"end":{"line":3,"column":13}},"2":{"start":{"line":5,"column":2},"end":{"line":5,"column":null}},"3":{"start":{"line":8,"column":2},"end":{"line":8,"column":null}}},"fnMap":{},"branchMap":{},"s":{"0":0,"1":0,"2":0,"3":0},"f":{},"b":{}}
,"/home/lucksanjos/Documents/projects/aws-certification/backend/src/exams/dto/upload-questions.dto.ts": {"path":"/home/lucksanjos/Documents/projects/aws-certification/backend/src/exams/dto/upload-questions.dto.ts","statementMap":{"0":{"start":{"line":1,"column":0},"end":{"line":1,"column":62}},"1":{"start":{"line":3,"column":0},"end":{"line":3,"column":13}},"2":{"start":{"line":6,"column":2},"end":{"line":6,"column":null}}},"fnMap":{},"branchMap":{},"s":{"0":0,"1":0,"2":0},"f":{},"b":{}}
,"/home/lucksanjos/Documents/projects/aws-certification/backend/src/exams/repositories/attempt.repository.ts": {"path":"/home/lucksanjos/Documents/projects/aws-certification/backend/src/exams/repositories/attempt.repository.ts","statementMap":{"0":{"start":{"line":3,"column":0},"end":{"line":3,"column":22}}},"fnMap":{},"branchMap":{},"s":{"0":1},"f":{},"b":{}}
,"/home/lucksanjos/Documents/projects/aws-certification/backend/src/exams/repositories/exam.repository.ts": {"path":"/home/lucksanjos/Documents/projects/aws-certification/backend/src/exams/repositories/exam.repository.ts","statementMap":{"0":{"start":{"line":3,"column":0},"end":{"line":3,"column":22}}},"fnMap":{},"branchMap":{},"s":{"0":1},"f":{},"b":{}}
,"/home/lucksanjos/Documents/projects/aws-certification/backend/src/exams/repositories/sqlite-attempt.repository.ts": {"path":"/home/lucksanjos/Documents/projects/aws-certification/backend/src/exams/repositories/sqlite-attempt.repository.ts","statementMap":{"0":{"start":{"line":1,"column":0},"end":{"line":1,"column":44}},"1":{"start":{"line":2,"column":0},"end":{"line":2,"column":62}},"2":{"start":{"line":4,"column":0},"end":{"line":4,"column":57}},"3":{"start":{"line":31,"column":7},"end":{"line":223,"column":null}},"4":{"start":{"line":33,"column":4},"end":{"line":33,"column":12}},"5":{"start":{"line":32,"column":31},"end":{"line":32,"column":39}},"6":{"start":{"line":45,"column":4},"end":{"line":59,"column":8}},"7":{"start":{"line":61,"column":4},"end":{"line":61,"column":39}},"8":{"start":{"line":65,"column":16},"end":{"line":79,"column":42}},"9":{"start":{"line":81,"column":4},"end":{"line":81,"column":45}},"10":{"start":{"line":85,"column":17},"end":{"line":99,"column":41}},"11":{"start":{"line":101,"column":4},"end":{"line":101,"column":51}},"12":{"start":{"line":101,"column":29},"end":{"line":101,"column":49}},"13":{"start":{"line":105,"column":17},"end":{"line":116,"column":49}},"14":{"start":{"line":118,"column":4},"end":{"line":118,"column":50}},"15":{"start":{"line":118,"column":29},"end":{"line":118,"column":48}},"16":{"start":{"line":128,"column":4},"end":{"line":145,"column":8}},"17":{"start":{"line":154,"column":4},"end":{"line":169,"column":8}},"18":{"start":{"line":178,"column":4},"end":{"line":187,"column":79}},"19":{"start":{"line":189,"column":4},"end":{"line":189,"column":45}},"20":{"start":{"line":193,"column":4},"end":{"line":193,"column":70}},"21":{"start":{"line":197,"column":4},"end":{"line":211,"column":6}},"22":{"start":{"line":215,"column":4},"end":{"line":221,"column":6}},"23":{"start":{"line":31,"column":13},"end":{"line":31,"column":36}},"24":{"start":{"line":31,"column":13},"end":{"line":223,"column":null}}},"fnMap":{"0":{"name":"(anonymous_2)","decl":{"start":{"line":32,"column":2},"end":{"line":32,"column":31}},"loc":{"start":{"line":32,"column":52},"end":{"line":34,"column":3}}},"1":{"name":"(anonymous_3)","decl":{"start":{"line":36,"column":2},"end":{"line":36,"column":15}},"loc":{"start":{"line":44,"column":3},"end":{"line":62,"column":3}}},"2":{"name":"(anonymous_4)","decl":{"start":{"line":64,"column":2},"end":{"line":64,"column":13}},"loc":{"start":{"line":64,"column":24},"end":{"line":82,"column":3}}},"3":{"name":"(anonymous_5)","decl":{"start":{"line":84,"column":2},"end":{"line":84,"column":14}},"loc":{"start":{"line":84,"column":14},"end":{"line":102,"column":3}}},"4":{"name":"(anonymous_6)","decl":{"start":{"line":101,"column":20},"end":{"line":101,"column":21}},"loc":{"start":{"line":101,"column":29},"end":{"line":101,"column":49}}},"5":{"name":"(anonymous_7)","decl":{"start":{"line":104,"column":2},"end":{"line":104,"column":13}},"loc":{"start":{"line":104,"column":31},"end":{"line":119,"column":3}}},"6":{"name":"(anonymous_8)","decl":{"start":{"line":118,"column":20},"end":{"line":118,"column":21}},"loc":{"start":{"line":118,"column":29},"end":{"line":118,"column":48}}},"7":{"name":"(anonymous_9)","decl":{"start":{"line":121,"column":2},"end":{"line":121,"column":14}},"loc":{"start":{"line":127,"column":3},"end":{"line":146,"column":3}}},"8":{"name":"(anonymous_10)","decl":{"start":{"line":148,"column":2},"end":{"line":148,"column":14}},"loc":{"start":{"line":153,"column":3},"end":{"line":170,"column":3}}},"9":{"name":"(anonymous_11)","decl":{"start":{"line":172,"column":2},"end":{"line":172,"column":15}},"loc":{"start":{"line":177,"column":3},"end":{"line":190,"column":3}}},"10":{"name":"(anonymous_12)","decl":{"start":{"line":192,"column":2},"end":{"line":192,"column":11}},"loc":{"start":{"line":192,"column":11},"end":{"line":194,"column":3}}},"11":{"name":"(anonymous_13)","decl":{"start":{"line":196,"column":10},"end":{"line":196,"column":20}},"loc":{"start":{"line":196,"column":38},"end":{"line":212,"column":3}}},"12":{"name":"(anonymous_14)","decl":{"start":{"line":214,"column":10},"end":{"line":214,"column":19}},"loc":{"start":{"line":214,"column":36},"end":{"line":222,"column":3}}}},"branchMap":{"0":{"loc":{"start":{"line":81,"column":11},"end":{"line":81,"column":44}},"type":"cond-expr","locations":[{"start":{"line":81,"column":17},"end":{"line":81,"column":37}},{"start":{"line":81,"column":40},"end":{"line":81,"column":44}}]},"1":{"loc":{"start":{"line":143,"column":8},"end":{"line":143,"column":30}},"type":"cond-expr","locations":[{"start":{"line":143,"column":25},"end":{"line":143,"column":26}},{"start":{"line":143,"column":29},"end":{"line":143,"column":30}}]},"2":{"loc":{"start":{"line":167,"column":8},"end":{"line":167,"column":30}},"type":"cond-expr","locations":[{"start":{"line":167,"column":25},"end":{"line":167,"column":26}},{"start":{"line":167,"column":29},"end":{"line":167,"column":30}}]},"3":{"loc":{"start":{"line":210,"column":28},"end":{"line":210,"column":51}},"type":"binary-expr","locations":[{"start":{"line":210,"column":28},"end":{"line":210,"column":46}},{"start":{"line":210,"column":50},"end":{"line":210,"column":51}}]}},"s":{"0":0,"1":0,"2":0,"3":0,"4":0,"5":0,"6":0,"7":0,"8":0,"9":0,"10":0,"11":0,"12":0,"13":0,"14":0,"15":0,"16":0,"17":0,"18":0,"19":0,"20":0,"21":0,"22":0,"23":0,"24":0},"f":{"0":0,"1":0,"2":0,"3":0,"4":0,"5":0,"6":0,"7":0,"8":0,"9":0,"10":0,"11":0,"12":0},"b":{"0":[0,0],"1":[0,0],"2":[0,0],"3":[0,0]}}
,"/home/lucksanjos/Documents/projects/aws-certification/backend/src/exams/repositories/sqlite-exam.repository.ts": {"path":"/home/lucksanjos/Documents/projects/aws-certification/backend/src/exams/repositories/sqlite-exam.repository.ts","statementMap":{"0":{"start":{"line":1,"column":0},"end":{"line":1,"column":63}},"1":{"start":{"line":2,"column":0},"end":{"line":2,"column":41}},"2":{"start":{"line":3,"column":0},"end":{"line":3,"column":62}},"3":{"start":{"line":4,"column":0},"end":{"line":4,"column":72}},"4":{"start":{"line":13,"column":0},"end":{"line":13,"column":51}},"5":{"start":{"line":42,"column":7},"end":{"line":347,"column":null}},"6":{"start":{"line":47,"column":4},"end":{"line":47,"column":12}},"7":{"start":{"line":44,"column":21},"end":{"line":44,"column":29}},"8":{"start":{"line":45,"column":21},"end":{"line":45,"column":38}},"9":{"start":{"line":51,"column":25},"end":{"line":51,"column":65}},"10":{"start":{"line":52,"column":18},"end":{"line":52,"column":49}},"11":{"start":{"line":53,"column":4},"end":{"line":53,"column":37}},"12":{"start":{"line":53,"column":30},"end":{"line":53,"column":37}},"13":{"start":{"line":55,"column":4},"end":{"line":63,"column":5}},"14":{"start":{"line":56,"column":6},"end":{"line":62,"column":9}},"15":{"start":{"line":65,"column":4},"end":{"line":65,"column":67}},"16":{"start":{"line":69,"column":17},"end":{"line":78,"column":37}},"17":{"start":{"line":80,"column":4},"end":{"line":80,"column":49}},"18":{"start":{"line":80,"column":29},"end":{"line":80,"column":47}},"19":{"start":{"line":90,"column":16},"end":{"line":90,"column":40}},"20":{"start":{"line":91,"column":15},"end":{"line":91,"column":39}},"21":{"start":{"line":92,"column":4},"end":{"line":106,"column":8}},"22":{"start":{"line":108,"column":18},"end":{"line":108,"column":36}},"23":{"start":{"line":109,"column":4},"end":{"line":109,"column":80}},"24":{"start":{"line":109,"column":16},"end":{"line":109,"column":80}},"25":{"start":{"line":110,"column":4},"end":{"line":110,"column":17}},"26":{"start":{"line":114,"column":4},"end":{"line":114,"column":30}},"27":{"start":{"line":115,"column":4},"end":{"line":115,"column":33}},"28":{"start":{"line":116,"column":4},"end":{"line":124,"column":5}},"29":{"start":{"line":117,"column":6},"end":{"line":117,"column":86}},"30":{"start":{"line":118,"column":6},"end":{"line":118,"column":47}},"31":{"start":{"line":119,"column":6},"end":{"line":119,"column":31}},"32":{"start":{"line":120,"column":6},"end":{"line":120,"column":36}},"33":{"start":{"line":122,"column":6},"end":{"line":122,"column":38}},"34":{"start":{"line":123,"column":6},"end":{"line":123,"column":18}},"35":{"start":{"line":128,"column":4},"end":{"line":128,"column":30}},"36":{"start":{"line":130,"column":7},"end":{"line":132,"column":58}},"37":{"start":{"line":133,"column":23},"end":{"line":136,"column":7}},"38":{"start":{"line":133,"column":59},"end":{"line":136,"column":6}},"39":{"start":{"line":138,"column":4},"end":{"line":138,"column":33}},"40":{"start":{"line":139,"column":4},"end":{"line":146,"column":5}},"41":{"start":{"line":140,"column":6},"end":{"line":140,"column":48}},"42":{"start":{"line":141,"column":6},"end":{"line":141,"column":31}},"43":{"start":{"line":142,"column":6},"end":{"line":142,"column":36}},"44":{"start":{"line":144,"column":6},"end":{"line":144,"column":38}},"45":{"start":{"line":145,"column":6},"end":{"line":145,"column":18}},"46":{"start":{"line":150,"column":18},"end":{"line":150,"column":74}},"47":{"start":{"line":151,"column":4},"end":{"line":153,"column":5}},"48":{"start":{"line":152,"column":6},"end":{"line":152,"column":73}},"49":{"start":{"line":155,"column":22},"end":{"line":155,"column":58}},"50":{"start":{"line":156,"column":19},"end":{"line":156,"column":46}},"51":{"start":{"line":157,"column":4},"end":{"line":168,"column":6}},"52":{"start":{"line":164,"column":42},"end":{"line":164,"column":72}},"53":{"start":{"line":172,"column":16},"end":{"line":181,"column":43}},"54":{"start":{"line":183,"column":4},"end":{"line":183,"column":43}},"55":{"start":{"line":191,"column":22},"end":{"line":191,"column":63}},"56":{"start":{"line":192,"column":4},"end":{"line":194,"column":5}},"57":{"start":{"line":193,"column":6},"end":{"line":193,"column":88}},"58":{"start":{"line":193,"column":44},"end":{"line":193,"column":86}},"59":{"start":{"line":195,"column":4},"end":{"line":195,"column":21}},"60":{"start":{"line":199,"column":16},"end":{"line":216,"column":49}},"61":{"start":{"line":218,"column":4},"end":{"line":218,"column":46}},"62":{"start":{"line":222,"column":4},"end":{"line":222,"column":30}},"63":{"start":{"line":223,"column":17},"end":{"line":241,"column":47}},"64":{"start":{"line":243,"column":4},"end":{"line":243,"column":52}},"65":{"start":{"line":243,"column":29},"end":{"line":243,"column":50}},"66":{"start":{"line":247,"column":16},"end":{"line":247,"column":40}},"67":{"start":{"line":248,"column":22},"end":{"line":264,"column":null}},"68":{"start":{"line":267,"column":4},"end":{"line":284,"column":5}},"69":{"start":{"line":268,"column":6},"end":{"line":283,"column":8}},"70":{"start":{"line":288,"column":4},"end":{"line":290,"column":46}},"71":{"start":{"line":294,"column":4},"end":{"line":296,"column":5}},"72":{"start":{"line":295,"column":6},"end":{"line":295,"column":58}},"73":{"start":{"line":300,"column":19},"end":{"line":300,"column":47}},"74":{"start":{"line":301,"column":4},"end":{"line":312,"column":5}},"75":{"start":{"line":302,"column":20},"end":{"line":308,"column":8}},"76":{"start":{"line":309,"column":6},"end":{"line":309,"column":42}},"77":{"start":{"line":310,"column":6},"end":{"line":310,"column":53}},"78":{"start":{"line":311,"column":6},"end":{"line":311,"column":38}},"79":{"start":{"line":313,"column":4},"end":{"line":313,"column":68}},"80":{"start":{"line":313,"column":47},"end":{"line":313,"column":66}},"81":{"start":{"line":317,"column":4},"end":{"line":326,"column":6}},"82":{"start":{"line":330,"column":4},"end":{"line":345,"column":6}},"83":{"start":{"line":42,"column":13},"end":{"line":42,"column":33}},"84":{"start":{"line":42,"column":13},"end":{"line":347,"column":null}}},"fnMap":{"0":{"name":"(anonymous_2)","decl":{"start":{"line":43,"column":2},"end":{"line":43,"column":null}},"loc":{"start":{"line":45,"column":57},"end":{"line":48,"column":3}}},"1":{"name":"(anonymous_3)","decl":{"start":{"line":50,"column":2},"end":{"line":50,"column":20}},"loc":{"start":{"line":50,"column":20},"end":{"line":66,"column":3}}},"2":{"name":"(anonymous_4)","decl":{"start":{"line":68,"column":2},"end":{"line":68,"column":12}},"loc":{"start":{"line":68,"column":12},"end":{"line":81,"column":3}}},"3":{"name":"(anonymous_5)","decl":{"start":{"line":80,"column":20},"end":{"line":80,"column":21}},"loc":{"start":{"line":80,"column":29},"end":{"line":80,"column":47}}},"4":{"name":"(anonymous_6)","decl":{"start":{"line":83,"column":2},"end":{"line":83,"column":13}},"loc":{"start":{"line":89,"column":3},"end":{"line":111,"column":3}}},"5":{"name":"(anonymous_7)","decl":{"start":{"line":113,"column":2},"end":{"line":113,"column":18}},"loc":{"start":{"line":113,"column":65},"end":{"line":125,"column":3}}},"6":{"name":"(anonymous_8)","decl":{"start":{"line":127,"column":2},"end":{"line":127,"column":17}},"loc":{"start":{"line":127,"column":64},"end":{"line":147,"column":3}}},"7":{"name":"(anonymous_9)","decl":{"start":{"line":133,"column":37},"end":{"line":133,"column":38}},"loc":{"start":{"line":133,"column":59},"end":{"line":136,"column":6}}},"8":{"name":"(anonymous_10)","decl":{"start":{"line":149,"column":2},"end":{"line":149,"column":10}},"loc":{"start":{"line":149,"column":34},"end":{"line":169,"column":3}}},"9":{"name":"(anonymous_11)","decl":{"start":{"line":164,"column":24},"end":{"line":164,"column":25}},"loc":{"start":{"line":164,"column":42},"end":{"line":164,"column":72}}},"10":{"name":"(anonymous_12)","decl":{"start":{"line":171,"column":2},"end":{"line":171,"column":11}},"loc":{"start":{"line":171,"column":27},"end":{"line":184,"column":3}}},"11":{"name":"(anonymous_13)","decl":{"start":{"line":186,"column":2},"end":{"line":186,"column":25}},"loc":{"start":{"line":190,"column":3},"end":{"line":196,"column":3}}},"12":{"name":"(anonymous_14)","decl":{"start":{"line":193,"column":30},"end":{"line":193,"column":31}},"loc":{"start":{"line":193,"column":44},"end":{"line":193,"column":86}}},"13":{"name":"(anonymous_15)","decl":{"start":{"line":198,"column":2},"end":{"line":198,"column":18}},"loc":{"start":{"line":198,"column":37},"end":{"line":219,"column":3}}},"14":{"name":"(anonymous_16)","decl":{"start":{"line":221,"column":10},"end":{"line":221,"column":31}},"loc":{"start":{"line":221,"column":47},"end":{"line":244,"column":3}}},"15":{"name":"(anonymous_17)","decl":{"start":{"line":243,"column":20},"end":{"line":243,"column":21}},"loc":{"start":{"line":243,"column":29},"end":{"line":243,"column":50}}},"16":{"name":"(anonymous_18)","decl":{"start":{"line":246,"column":10},"end":{"line":246,"column":25}},"loc":{"start":{"line":246,"column":72},"end":{"line":285,"column":3}}},"17":{"name":"(anonymous_19)","decl":{"start":{"line":287,"column":10},"end":{"line":287,"column":20}},"loc":{"start":{"line":287,"column":36},"end":{"line":291,"column":3}}},"18":{"name":"(anonymous_20)","decl":{"start":{"line":293,"column":10},"end":{"line":293,"column":21}},"loc":{"start":{"line":293,"column":37},"end":{"line":297,"column":3}}},"19":{"name":"(anonymous_21)","decl":{"start":{"line":299,"column":10},"end":{"line":299,"column":21}},"loc":{"start":{"line":299,"column":47},"end":{"line":314,"column":3}}},"20":{"name":"(anonymous_22)","decl":{"start":{"line":313,"column":37},"end":{"line":313,"column":38}},"loc":{"start":{"line":313,"column":47},"end":{"line":313,"column":66}}},"21":{"name":"(anonymous_23)","decl":{"start":{"line":316,"column":10},"end":{"line":316,"column":18}},"loc":{"start":{"line":316,"column":32},"end":{"line":327,"column":3}}},"22":{"name":"(anonymous_24)","decl":{"start":{"line":329,"column":10},"end":{"line":329,"column":21}},"loc":{"start":{"line":329,"column":38},"end":{"line":346,"column":3}}}},"branchMap":{"0":{"loc":{"start":{"line":53,"column":4},"end":{"line":53,"column":37}},"type":"if","locations":[{"start":{"line":53,"column":4},"end":{"line":53,"column":37}},{"start":{},"end":{}}]},"1":{"loc":{"start":{"line":55,"column":4},"end":{"line":63,"column":5}},"type":"if","locations":[{"start":{"line":55,"column":4},"end":{"line":63,"column":5}},{"start":{},"end":{}}]},"2":{"loc":{"start":{"line":91,"column":15},"end":{"line":91,"column":39}},"type":"binary-expr","locations":[{"start":{"line":91,"column":15},"end":{"line":91,"column":23}},{"start":{"line":91,"column":27},"end":{"line":91,"column":39}}]},"3":{"loc":{"start":{"line":101,"column":8},"end":{"line":101,"column":33}},"type":"binary-expr","locations":[{"start":{"line":101,"column":8},"end":{"line":101,"column":25}},{"start":{"line":101,"column":29},"end":{"line":101,"column":33}}]},"4":{"loc":{"start":{"line":102,"column":8},"end":{"line":102,"column":32}},"type":"binary-expr","locations":[{"start":{"line":102,"column":8},"end":{"line":102,"column":19}},{"start":{"line":102,"column":23},"end":{"line":102,"column":32}}]},"5":{"loc":{"start":{"line":103,"column":8},"end":{"line":103,"column":36}},"type":"binary-expr","locations":[{"start":{"line":103,"column":8},"end":{"line":103,"column":24}},{"start":{"line":103,"column":28},"end":{"line":103,"column":36}}]},"6":{"loc":{"start":{"line":109,"column":4},"end":{"line":109,"column":80}},"type":"if","locations":[{"start":{"line":109,"column":4},"end":{"line":109,"column":80}},{"start":{},"end":{}}]},"7":{"loc":{"start":{"line":130,"column":7},"end":{"line":132,"column":58}},"type":"binary-expr","locations":[{"start":{"line":130,"column":7},"end":{"line":132,"column":53}},{"start":{"line":132,"column":57},"end":{"line":132,"column":58}}]},"8":{"loc":{"start":{"line":150,"column":18},"end":{"line":150,"column":74}},"type":"cond-expr","locations":[{"start":{"line":150,"column":28},"end":{"line":150,"column":51}},{"start":{"line":150,"column":54},"end":{"line":150,"column":74}}]},"9":{"loc":{"start":{"line":151,"column":4},"end":{"line":153,"column":5}},"type":"if","locations":[{"start":{"line":151,"column":4},"end":{"line":153,"column":5}},{"start":{},"end":{}}]},"10":{"loc":{"start":{"line":163,"column":32},"end":{"line":165,"column":41}},"type":"cond-expr","locations":[{"start":{"line":164,"column":10},"end":{"line":164,"column":76}},{"start":{"line":165,"column":10},"end":{"line":165,"column":41}}]},"11":{"loc":{"start":{"line":183,"column":11},"end":{"line":183,"column":42}},"type":"cond-expr","locations":[{"start":{"line":183,"column":17},"end":{"line":183,"column":35}},{"start":{"line":183,"column":38},"end":{"line":183,"column":42}}]},"12":{"loc":{"start":{"line":192,"column":4},"end":{"line":194,"column":5}},"type":"if","locations":[{"start":{"line":192,"column":4},"end":{"line":194,"column":5}},{"start":{},"end":{}}]},"13":{"loc":{"start":{"line":218,"column":11},"end":{"line":218,"column":45}},"type":"cond-expr","locations":[{"start":{"line":218,"column":17},"end":{"line":218,"column":38}},{"start":{"line":218,"column":41},"end":{"line":218,"column":45}}]},"14":{"loc":{"start":{"line":294,"column":4},"end":{"line":296,"column":5}},"type":"if","locations":[{"start":{"line":294,"column":4},"end":{"line":296,"column":5}},{"start":{},"end":{}}]},"15":{"loc":{"start":{"line":302,"column":20},"end":{"line":308,"column":8}},"type":"binary-expr","locations":[{"start":{"line":302,"column":20},"end":{"line":302,"column":52}},{"start":{"line":302,"column":56},"end":{"line":308,"column":8}}]},"16":{"loc":{"start":{"line":323,"column":28},"end":{"line":323,"column":51}},"type":"binary-expr","locations":[{"start":{"line":323,"column":28},"end":{"line":323,"column":46}},{"start":{"line":323,"column":50},"end":{"line":323,"column":51}}]}},"s":{"0":0,"1":0,"2":0,"3":0,"4":0,"5":0,"6":0,"7":0,"8":0,"9":0,"10":0,"11":0,"12":0,"13":0,"14":0,"15":0,"16":0,"17":0,"18":0,"19":0,"20":0,"21":0,"22":0,"23":0,"24":0,"25":0,"26":0,"27":0,"28":0,"29":0,"30":0,"31":0,"32":0,"33":0,"34":0,"35":0,"36":0,"37":0,"38":0,"39":0,"40":0,"41":0,"42":0,"43":0,"44":0,"45":0,"46":0,"47":0,"48":0,"49":0,"50":0,"51":0,"52":0,"53":0,"54":0,"55":0,"56":0,"57":0,"58":0,"59":0,"60":0,"61":0,"62":0,"63":0,"64":0,"65":0,"66":0,"67":0,"68":0,"69":0,"70":0,"71":0,"72":0,"73":0,"74":0,"75":0,"76":0,"77":0,"78":0,"79":0,"80":0,"81":0,"82":0,"83":0,"84":0},"f":{"0":0,"1":0,"2":0,"3":0,"4":0,"5":0,"6":0,"7":0,"8":0,"9":0,"10":0,"11":0,"12":0,"13":0,"14":0,"15":0,"16":0,"17":0,"18":0,"19":0,"20":0,"21":0,"22":0},"b":{"0":[0,0],"1":[0,0],"2":[0,0],"3":[0,0],"4":[0,0],"5":[0,0],"6":[0,0],"7":[0,0],"8":[0,0],"9":[0,0],"10":[0,0],"11":[0,0],"12":[0,0],"13":[0,0],"14":[0,0],"15":[0,0],"16":[0,0]}}
,"/home/lucksanjos/Documents/projects/aws-certification/backend/src/exams/services/attempt.service.ts": {"path":"/home/lucksanjos/Documents/projects/aws-certification/backend/src/exams/services/attempt.service.ts","statementMap":{"0":{"start":{"line":1,"column":0},"end":{"line":1,"column":null}},"1":{"start":{"line":7,"column":0},"end":{"line":7,"column":41}},"2":{"start":{"line":12,"column":0},"end":{"line":12,"column":71}},"3":{"start":{"line":13,"column":0},"end":{"line":13,"column":65}},"4":{"start":{"line":16,"column":7},"end":{"line":276,"column":null}},"5":{"start":{"line":18,"column":21},"end":{"line":18,"column":40}},"6":{"start":{"line":19,"column":21},"end":{"line":19,"column":37}},"7":{"start":{"line":23,"column":17},"end":{"line":23,"column":58}},"8":{"start":{"line":25,"column":6},"end":{"line":27,"column":14}},"9":{"start":{"line":26,"column":37},"end":{"line":26,"column":68}},"10":{"start":{"line":29,"column":4},"end":{"line":31,"column":5}},"11":{"start":{"line":30,"column":6},"end":{"line":30,"column":70}},"12":{"start":{"line":33,"column":26},"end":{"line":33,"column":91}},"13":{"start":{"line":34,"column":4},"end":{"line":36,"column":5}},"14":{"start":{"line":35,"column":6},"end":{"line":35,"column":73}},"15":{"start":{"line":39,"column":6},"end":{"line":41,"column":45}},"16":{"start":{"line":43,"column":20},"end":{"line":51,"column":6}},"17":{"start":{"line":53,"column":4},"end":{"line":53,"column":40}},"18":{"start":{"line":57,"column":4},"end":{"line":57,"column":56}},"19":{"start":{"line":61,"column":20},"end":{"line":61,"column":43}},"20":{"start":{"line":62,"column":21},"end":{"line":62,"column":93}},"21":{"start":{"line":63,"column":4},"end":{"line":63,"column":47}},"22":{"start":{"line":67,"column":20},"end":{"line":67,"column":75}},"23":{"start":{"line":68,"column":4},"end":{"line":68,"column":35}},"24":{"start":{"line":69,"column":21},"end":{"line":69,"column":70}},"25":{"start":{"line":71,"column":4},"end":{"line":73,"column":5}},"26":{"start":{"line":71,"column":43},"end":{"line":71,"column":76}},"27":{"start":{"line":72,"column":6},"end":{"line":72,"column":61}},"28":{"start":{"line":75,"column":4},"end":{"line":81,"column":7}},"29":{"start":{"line":83,"column":4},"end":{"line":83,"column":63}},"30":{"start":{"line":87,"column":20},"end":{"line":87,"column":75}},"31":{"start":{"line":88,"column":4},"end":{"line":88,"column":35}},"32":{"start":{"line":89,"column":4},"end":{"line":89,"column":54}},"33":{"start":{"line":91,"column":4},"end":{"line":96,"column":7}},"34":{"start":{"line":98,"column":4},"end":{"line":98,"column":63}},"35":{"start":{"line":102,"column":4},"end":{"line":102,"column":85}},"36":{"start":{"line":106,"column":4},"end":{"line":112,"column":5}},"37":{"start":{"line":111,"column":6},"end":{"line":111,"column":44}},"38":{"start":{"line":114,"column":4},"end":{"line":114,"column":19}},"39":{"start":{"line":118,"column":18},"end":{"line":118,"column":50}},"40":{"start":{"line":119,"column":4},"end":{"line":134,"column":6}},"41":{"start":{"line":138,"column":18},"end":{"line":138,"column":50}},"42":{"start":{"line":139,"column":22},"end":{"line":143,"column":6}},"43":{"start":{"line":144,"column":20},"end":{"line":147,"column":null}},"44":{"start":{"line":147,"column":25},"end":{"line":147,"column":52}},"45":{"start":{"line":149,"column":23},"end":{"line":149,"column":67}},"46":{"start":{"line":151,"column":4},"end":{"line":169,"column":6}},"47":{"start":{"line":165,"column":62},"end":{"line":165,"column":83}},"48":{"start":{"line":167,"column":8},"end":{"line":167,"column":76}},"49":{"start":{"line":177,"column":17},"end":{"line":189,"column":6}},"50":{"start":{"line":191,"column":4},"end":{"line":191,"column":36}},"51":{"start":{"line":191,"column":24},"end":{"line":191,"column":36}},"52":{"start":{"line":193,"column":4},"end":{"line":197,"column":6}},"53":{"start":{"line":201,"column":4},"end":{"line":201,"column":54}},"54":{"start":{"line":201,"column":39},"end":{"line":201,"column":54}},"55":{"start":{"line":203,"column":22},"end":{"line":207,"column":6}},"56":{"start":{"line":208,"column":20},"end":{"line":211,"column":null}},"57":{"start":{"line":211,"column":25},"end":{"line":211,"column":67}},"58":{"start":{"line":213,"column":25},"end":{"line":216,"column":null}},"59":{"start":{"line":215,"column":8},"end":{"line":215,"column":77}},"60":{"start":{"line":218,"column":18},"end":{"line":218,"column":69}},"61":{"start":{"line":220,"column":21},"end":{"line":225,"column":6}},"62":{"start":{"line":227,"column":4},"end":{"line":229,"column":5}},"63":{"start":{"line":228,"column":6},"end":{"line":228,"column":63}},"64":{"start":{"line":231,"column":4},"end":{"line":231,"column":20}},"65":{"start":{"line":235,"column":22},"end":{"line":239,"column":6}},"66":{"start":{"line":240,"column":21},"end":{"line":240,"column":69}},"67":{"start":{"line":240,"column":46},"end":{"line":240,"column":68}},"68":{"start":{"line":241,"column":4},"end":{"line":243,"column":5}},"69":{"start":{"line":242,"column":6},"end":{"line":242,"column":69}},"70":{"start":{"line":244,"column":4},"end":{"line":244,"column":20}},"71":{"start":{"line":248,"column":4},"end":{"line":250,"column":5}},"72":{"start":{"line":249,"column":6},"end":{"line":249,"column":71}},"73":{"start":{"line":254,"column":20},"end":{"line":254,"column":58}},"74":{"start":{"line":255,"column":4},"end":{"line":257,"column":5}},"75":{"start":{"line":256,"column":6},"end":{"line":256,"column":63}},"76":{"start":{"line":258,"column":4},"end":{"line":258,"column":19}},"77":{"start":{"line":262,"column":4},"end":{"line":264,"column":5}},"78":{"start":{"line":263,"column":6},"end":{"line":263,"column":18}},"79":{"start":{"line":266,"column":22},"end":{"line":266,"column":59}},"80":{"start":{"line":267,"column":20},"end":{"line":267,"column":63}},"81":{"start":{"line":268,"column":4},"end":{"line":268,"column":59}},"82":{"start":{"line":272,"column":4},"end":{"line":274,"column":56}},"83":{"start":{"line":274,"column":26},"end":{"line":274,"column":47}},"84":{"start":{"line":16,"column":13},"end":{"line":16,"column":27}},"85":{"start":{"line":16,"column":13},"end":{"line":276,"column":null}}},"fnMap":{"0":{"name":"(anonymous_2)","decl":{"start":{"line":17,"column":2},"end":{"line":17,"column":null}},"loc":{"start":{"line":19,"column":51},"end":{"line":20,"column":6}}},"1":{"name":"(anonymous_3)","decl":{"start":{"line":22,"column":2},"end":{"line":22,"column":15}},"loc":{"start":{"line":22,"column":37},"end":{"line":54,"column":3}}},"2":{"name":"(anonymous_4)","decl":{"start":{"line":26,"column":27},"end":{"line":26,"column":28}},"loc":{"start":{"line":26,"column":37},"end":{"line":26,"column":68}}},"3":{"name":"(anonymous_5)","decl":{"start":{"line":56,"column":2},"end":{"line":56,"column":12}},"loc":{"start":{"line":56,"column":23},"end":{"line":58,"column":3}}},"4":{"name":"(anonymous_6)","decl":{"start":{"line":60,"column":2},"end":{"line":60,"column":15}},"loc":{"start":{"line":60,"column":26},"end":{"line":64,"column":3}}},"5":{"name":"(anonymous_7)","decl":{"start":{"line":66,"column":2},"end":{"line":66,"column":12}},"loc":{"start":{"line":66,"column":70},"end":{"line":84,"column":3}}},"6":{"name":"(anonymous_8)","decl":{"start":{"line":71,"column":31},"end":{"line":71,"column":32}},"loc":{"start":{"line":71,"column":43},"end":{"line":71,"column":76}}},"7":{"name":"(anonymous_9)","decl":{"start":{"line":86,"column":2},"end":{"line":86,"column":14}},"loc":{"start":{"line":86,"column":74},"end":{"line":99,"column":3}}},"8":{"name":"(anonymous_10)","decl":{"start":{"line":101,"column":2},"end":{"line":101,"column":15}},"loc":{"start":{"line":101,"column":26},"end":{"line":103,"column":3}}},"9":{"name":"(anonymous_11)","decl":{"start":{"line":105,"column":2},"end":{"line":105,"column":20}},"loc":{"start":{"line":105,"column":40},"end":{"line":115,"column":3}}},"10":{"name":"(anonymous_12)","decl":{"start":{"line":117,"column":2},"end":{"line":117,"column":19}},"loc":{"start":{"line":117,"column":39},"end":{"line":135,"column":3}}},"11":{"name":"(anonymous_13)","decl":{"start":{"line":137,"column":10},"end":{"line":137,"column":24}},"loc":{"start":{"line":137,"column":67},"end":{"line":170,"column":3}}},"12":{"name":"(anonymous_14)","decl":{"start":{"line":147,"column":13},"end":{"line":147,"column":14}},"loc":{"start":{"line":147,"column":25},"end":{"line":147,"column":52}}},"13":{"name":"(anonymous_15)","decl":{"start":{"line":165,"column":50},"end":{"line":165,"column":51}},"loc":{"start":{"line":165,"column":62},"end":{"line":165,"column":83}}},"14":{"name":"(anonymous_16)","decl":{"start":{"line":166,"column":31},"end":{"line":166,"column":32}},"loc":{"start":{"line":167,"column":8},"end":{"line":167,"column":76}}},"15":{"name":"(anonymous_17)","decl":{"start":{"line":172,"column":10},"end":{"line":172,"column":25}},"loc":{"start":{"line":175,"column":26},"end":{"line":198,"column":3}}},"16":{"name":"(anonymous_18)","decl":{"start":{"line":200,"column":10},"end":{"line":200,"column":26}},"loc":{"start":{"line":200,"column":46},"end":{"line":232,"column":3}}},"17":{"name":"(anonymous_19)","decl":{"start":{"line":211,"column":13},"end":{"line":211,"column":14}},"loc":{"start":{"line":211,"column":25},"end":{"line":211,"column":67}}},"18":{"name":"(anonymous_20)","decl":{"start":{"line":214,"column":6},"end":{"line":214,"column":7}},"loc":{"start":{"line":215,"column":8},"end":{"line":215,"column":77}}},"19":{"name":"(anonymous_21)","decl":{"start":{"line":234,"column":10},"end":{"line":234,"column":33}},"loc":{"start":{"line":234,"column":73},"end":{"line":245,"column":3}}},"20":{"name":"(anonymous_22)","decl":{"start":{"line":240,"column":36},"end":{"line":240,"column":37}},"loc":{"start":{"line":240,"column":46},"end":{"line":240,"column":68}}},"21":{"name":"(anonymous_23)","decl":{"start":{"line":247,"column":10},"end":{"line":247,"column":26}},"loc":{"start":{"line":247,"column":46},"end":{"line":251,"column":3}}},"22":{"name":"(anonymous_24)","decl":{"start":{"line":253,"column":10},"end":{"line":253,"column":24}},"loc":{"start":{"line":253,"column":35},"end":{"line":259,"column":3}}},"23":{"name":"(anonymous_25)","decl":{"start":{"line":261,"column":10},"end":{"line":261,"column":26}},"loc":{"start":{"line":261,"column":46},"end":{"line":269,"column":3}}},"24":{"name":"(anonymous_26)","decl":{"start":{"line":271,"column":10},"end":{"line":271,"column":23}},"loc":{"start":{"line":271,"column":41},"end":{"line":275,"column":3}}},"25":{"name":"(anonymous_27)","decl":{"start":{"line":274,"column":14},"end":{"line":274,"column":15}},"loc":{"start":{"line":274,"column":26},"end":{"line":274,"column":47}}}},"branchMap":{"0":{"loc":{"start":{"line":25,"column":6},"end":{"line":27,"column":14}},"type":"cond-expr","locations":[{"start":{"line":26,"column":10},"end":{"line":26,"column":69}},{"start":{"line":27,"column":10},"end":{"line":27,"column":14}}]},"1":{"loc":{"start":{"line":29,"column":4},"end":{"line":31,"column":5}},"type":"if","locations":[{"start":{"line":29,"column":4},"end":{"line":31,"column":5}},{"start":{},"end":{}}]},"2":{"loc":{"start":{"line":29,"column":8},"end":{"line":29,"column":38}},"type":"binary-expr","locations":[{"start":{"line":29,"column":8},"end":{"line":29,"column":28}},{"start":{"line":29,"column":32},"end":{"line":29,"column":38}}]},"3":{"loc":{"start":{"line":33,"column":26},"end":{"line":33,"column":91}},"type":"cond-expr","locations":[{"start":{"line":33,"column":49},"end":{"line":33,"column":69}},{"start":{"line":33,"column":72},"end":{"line":33,"column":91}}]},"4":{"loc":{"start":{"line":34,"column":4},"end":{"line":36,"column":5}},"type":"if","locations":[{"start":{"line":34,"column":4},"end":{"line":36,"column":5}},{"start":{},"end":{}}]},"5":{"loc":{"start":{"line":39,"column":7},"end":{"line":41,"column":39}},"type":"cond-expr","locations":[{"start":{"line":40,"column":10},"end":{"line":40,"column":33}},{"start":{"line":41,"column":10},"end":{"line":41,"column":39}}]},"6":{"loc":{"start":{"line":47,"column":19},"end":{"line":47,"column":62}},"type":"cond-expr","locations":[{"start":{"line":47,"column":42},"end":{"line":47,"column":55}},{"start":{"line":47,"column":58},"end":{"line":47,"column":62}}]},"7":{"loc":{"start":{"line":62,"column":21},"end":{"line":62,"column":93}},"type":"cond-expr","locations":[{"start":{"line":62,"column":53},"end":{"line":62,"column":60}},{"start":{"line":62,"column":63},"end":{"line":62,"column":93}}]},"8":{"loc":{"start":{"line":71,"column":4},"end":{"line":73,"column":5}},"type":"if","locations":[{"start":{"line":71,"column":4},"end":{"line":73,"column":5}},{"start":{},"end":{}}]},"9":{"loc":{"start":{"line":106,"column":4},"end":{"line":112,"column":5}},"type":"if","locations":[{"start":{"line":106,"column":4},"end":{"line":112,"column":5}},{"start":{},"end":{}}]},"10":{"loc":{"start":{"line":107,"column":6},"end":{"line":109,"column":42}},"type":"binary-expr","locations":[{"start":{"line":107,"column":6},"end":{"line":107,"column":38}},{"start":{"line":108,"column":6},"end":{"line":108,"column":30}},{"start":{"line":109,"column":6},"end":{"line":109,"column":42}}]},"11":{"loc":{"start":{"line":122,"column":17},"end":{"line":122,"column":40}},"type":"binary-expr","locations":[{"start":{"line":122,"column":17},"end":{"line":122,"column":32}},{"start":{"line":122,"column":36},"end":{"line":122,"column":40}}]},"12":{"loc":{"start":{"line":127,"column":21},"end":{"line":127,"column":72}},"type":"binary-expr","locations":[{"start":{"line":127,"column":21},"end":{"line":127,"column":40}},{"start":{"line":127,"column":44},"end":{"line":127,"column":72}}]},"13":{"loc":{"start":{"line":137,"column":46},"end":{"line":137,"column":67}},"type":"default-arg","locations":[{"start":{"line":137,"column":62},"end":{"line":137,"column":67}}]},"14":{"loc":{"start":{"line":149,"column":23},"end":{"line":149,"column":67}},"type":"binary-expr","locations":[{"start":{"line":149,"column":23},"end":{"line":149,"column":36}},{"start":{"line":149,"column":40},"end":{"line":149,"column":67}}]},"15":{"loc":{"start":{"line":154,"column":17},"end":{"line":154,"column":93}},"type":"binary-expr","locations":[{"start":{"line":154,"column":17},"end":{"line":154,"column":32}},{"start":{"line":154,"column":36},"end":{"line":154,"column":85}},{"start":{"line":154,"column":89},"end":{"line":154,"column":93}}]},"16":{"loc":{"start":{"line":183,"column":22},"end":{"line":183,"column":52}},"type":"binary-expr","locations":[{"start":{"line":183,"column":22},"end":{"line":183,"column":44}},{"start":{"line":183,"column":48},"end":{"line":183,"column":52}}]},"17":{"loc":{"start":{"line":184,"column":16},"end":{"line":184,"column":41}},"type":"binary-expr","locations":[{"start":{"line":184,"column":16},"end":{"line":184,"column":32}},{"start":{"line":184,"column":36},"end":{"line":184,"column":41}}]},"18":{"loc":{"start":{"line":186,"column":8},"end":{"line":188,"column":16}},"type":"cond-expr","locations":[{"start":{"line":187,"column":12},"end":{"line":187,"column":60}},{"start":{"line":188,"column":12},"end":{"line":188,"column":16}}]},"19":{"loc":{"start":{"line":186,"column":8},"end":{"line":186,"column":47}},"type":"binary-expr","locations":[{"start":{"line":186,"column":8},"end":{"line":186,"column":21}},{"start":{"line":186,"column":25},"end":{"line":186,"column":47}}]},"20":{"loc":{"start":{"line":191,"column":4},"end":{"line":191,"column":36}},"type":"if","locations":[{"start":{"line":191,"column":4},"end":{"line":191,"column":36}},{"start":{},"end":{}}]},"21":{"loc":{"start":{"line":201,"column":4},"end":{"line":201,"column":54}},"type":"if","locations":[{"start":{"line":201,"column":4},"end":{"line":201,"column":54}},{"start":{},"end":{}}]},"22":{"loc":{"start":{"line":215,"column":17},"end":{"line":215,"column":76}},"type":"cond-expr","locations":[{"start":{"line":215,"column":71},"end":{"line":215,"column":72}},{"start":{"line":215,"column":75},"end":{"line":215,"column":76}}]},"23":{"loc":{"start":{"line":227,"column":4},"end":{"line":229,"column":5}},"type":"if","locations":[{"start":{"line":227,"column":4},"end":{"line":229,"column":5}},{"start":{},"end":{}}]},"24":{"loc":{"start":{"line":241,"column":4},"end":{"line":243,"column":5}},"type":"if","locations":[{"start":{"line":241,"column":4},"end":{"line":243,"column":5}},{"start":{},"end":{}}]},"25":{"loc":{"start":{"line":248,"column":4},"end":{"line":250,"column":5}},"type":"if","locations":[{"start":{"line":248,"column":4},"end":{"line":250,"column":5}},{"start":{},"end":{}}]},"26":{"loc":{"start":{"line":255,"column":4},"end":{"line":257,"column":5}},"type":"if","locations":[{"start":{"line":255,"column":4},"end":{"line":257,"column":5}},{"start":{},"end":{}}]},"27":{"loc":{"start":{"line":262,"column":4},"end":{"line":264,"column":5}},"type":"if","locations":[{"start":{"line":262,"column":4},"end":{"line":264,"column":5}},{"start":{},"end":{}}]},"28":{"loc":{"start":{"line":262,"column":8},"end":{"line":262,"column":69}},"type":"binary-expr","locations":[{"start":{"line":262,"column":8},"end":{"line":262,"column":33}},{"start":{"line":262,"column":37},"end":{"line":262,"column":69}}]}},"s":{"0":1,"1":1,"2":1,"3":1,"4":1,"5":0,"6":0,"7":0,"8":0,"9":0,"10":0,"11":0,"12":0,"13":0,"14":0,"15":0,"16":0,"17":0,"18":0,"19":0,"20":0,"21":0,"22":0,"23":0,"24":0,"25":0,"26":0,"27":0,"28":0,"29":0,"30":0,"31":0,"32":0,"33":0,"34":0,"35":0,"36":0,"37":0,"38":0,"39":0,"40":0,"41":0,"42":0,"43":0,"44":0,"45":0,"46":0,"47":0,"48":0,"49":0,"50":0,"51":0,"52":0,"53":0,"54":0,"55":0,"56":0,"57":0,"58":0,"59":0,"60":0,"61":0,"62":0,"63":0,"64":0,"65":0,"66":0,"67":0,"68":0,"69":0,"70":0,"71":0,"72":0,"73":0,"74":0,"75":0,"76":0,"77":0,"78":0,"79":0,"80":0,"81":0,"82":0,"83":0,"84":1,"85":1},"f":{"0":0,"1":0,"2":0,"3":0,"4":0,"5":0,"6":0,"7":0,"8":0,"9":0,"10":0,"11":0,"12":0,"13":0,"14":0,"15":0,"16":0,"17":0,"18":0,"19":0,"20":0,"21":0,"22":0,"23":0,"24":0,"25":0},"b":{"0":[0,0],"1":[0,0],"2":[0,0],"3":[0,0],"4":[0,0],"5":[0,0],"6":[0,0],"7":[0,0],"8":[0,0],"9":[0,0],"10":[0,0,0],"11":[0,0],"12":[0,0],"13":[0],"14":[0,0],"15":[0,0,0],"16":[0,0],"17":[0,0],"18":[0,0],"19":[0,0],"20":[0,0],"21":[0,0],"22":[0,0],"23":[0,0],"24":[0,0],"25":[0,0],"26":[0,0],"27":[0,0],"28":[0,0]}}
,"/home/lucksanjos/Documents/projects/aws-certification/backend/src/exams/services/exam.service.ts": {"path":"/home/lucksanjos/Documents/projects/aws-certification/backend/src/exams/services/exam.service.ts","statementMap":{"0":{"start":{"line":1,"column":0},"end":{"line":1,"column":79}},"1":{"start":{"line":4,"column":0},"end":{"line":4,"column":99}},"2":{"start":{"line":5,"column":0},"end":{"line":5,"column":65}},"3":{"start":{"line":8,"column":7},"end":{"line":84,"column":null}},"4":{"start":{"line":10,"column":21},"end":{"line":10,"column":37}},"5":{"start":{"line":11,"column":21},"end":{"line":11,"column":41}},"6":{"start":{"line":15,"column":4},"end":{"line":15,"column":45}},"7":{"start":{"line":19,"column":4},"end":{"line":19,"column":68}},"8":{"start":{"line":23,"column":4},"end":{"line":23,"column":44}},"9":{"start":{"line":27,"column":4},"end":{"line":32,"column":7}},"10":{"start":{"line":40,"column":4},"end":{"line":42,"column":5}},"11":{"start":{"line":41,"column":6},"end":{"line":41,"column":76}},"12":{"start":{"line":44,"column":22},"end":{"line":44,"column":70}},"13":{"start":{"line":45,"column":4},"end":{"line":49,"column":5}},"14":{"start":{"line":46,"column":6},"end":{"line":46,"column":69}},"15":{"start":{"line":48,"column":6},"end":{"line":48,"column":68}},"16":{"start":{"line":51,"column":4},"end":{"line":55,"column":6}},"17":{"start":{"line":59,"column":4},"end":{"line":59,"column":52}},"18":{"start":{"line":63,"column":4},"end":{"line":72,"column":6}},"19":{"start":{"line":70,"column":61},"end":{"line":70,"column":66}},"20":{"start":{"line":71,"column":50},"end":{"line":71,"column":81}},"21":{"start":{"line":76,"column":4},"end":{"line":82,"column":6}},"22":{"start":{"line":8,"column":13},"end":{"line":8,"column":24}},"23":{"start":{"line":8,"column":13},"end":{"line":84,"column":null}}},"fnMap":{"0":{"name":"(anonymous_2)","decl":{"start":{"line":9,"column":2},"end":{"line":9,"column":null}},"loc":{"start":{"line":11,"column":73},"end":{"line":12,"column":6}}},"1":{"name":"(anonymous_3)","decl":{"start":{"line":14,"column":2},"end":{"line":14,"column":14}},"loc":{"start":{"line":14,"column":14},"end":{"line":16,"column":3}}},"2":{"name":"(anonymous_4)","decl":{"start":{"line":18,"column":2},"end":{"line":18,"column":15}},"loc":{"start":{"line":18,"column":39},"end":{"line":20,"column":3}}},"3":{"name":"(anonymous_5)","decl":{"start":{"line":22,"column":2},"end":{"line":22,"column":12}},"loc":{"start":{"line":22,"column":12},"end":{"line":24,"column":3}}},"4":{"name":"(anonymous_6)","decl":{"start":{"line":26,"column":2},"end":{"line":26,"column":13}},"loc":{"start":{"line":26,"column":33},"end":{"line":33,"column":3}}},"5":{"name":"(anonymous_7)","decl":{"start":{"line":35,"column":2},"end":{"line":35,"column":17}},"loc":{"start":{"line":39,"column":3},"end":{"line":56,"column":3}}},"6":{"name":"(anonymous_8)","decl":{"start":{"line":58,"column":2},"end":{"line":58,"column":16}},"loc":{"start":{"line":58,"column":16},"end":{"line":60,"column":3}}},"7":{"name":"(anonymous_9)","decl":{"start":{"line":62,"column":10},"end":{"line":62,"column":22}},"loc":{"start":{"line":62,"column":33},"end":{"line":73,"column":3}}},"8":{"name":"(anonymous_10)","decl":{"start":{"line":70,"column":30},"end":{"line":70,"column":31}},"loc":{"start":{"line":70,"column":61},"end":{"line":70,"column":66}}},"9":{"name":"(anonymous_11)","decl":{"start":{"line":71,"column":36},"end":{"line":71,"column":37}},"loc":{"start":{"line":71,"column":50},"end":{"line":71,"column":81}}},"10":{"name":"(anonymous_12)","decl":{"start":{"line":75,"column":10},"end":{"line":75,"column":26}},"loc":{"start":{"line":75,"column":49},"end":{"line":83,"column":3}}}},"branchMap":{"0":{"loc":{"start":{"line":29,"column":19},"end":{"line":29,"column":50}},"type":"binary-expr","locations":[{"start":{"line":29,"column":19},"end":{"line":29,"column":42}},{"start":{"line":29,"column":46},"end":{"line":29,"column":50}}]},"1":{"loc":{"start":{"line":30,"column":13},"end":{"line":30,"column":43}},"type":"binary-expr","locations":[{"start":{"line":30,"column":13},"end":{"line":30,"column":30}},{"start":{"line":30,"column":34},"end":{"line":30,"column":43}}]},"2":{"loc":{"start":{"line":40,"column":4},"end":{"line":42,"column":5}},"type":"if","locations":[{"start":{"line":40,"column":4},"end":{"line":42,"column":5}},{"start":{},"end":{}}]},"3":{"loc":{"start":{"line":45,"column":4},"end":{"line":49,"column":5}},"type":"if","locations":[{"start":{"line":45,"column":4},"end":{"line":49,"column":5}},{"start":{"line":47,"column":11},"end":{"line":49,"column":5}}]},"4":{"loc":{"start":{"line":54,"column":12},"end":{"line":54,"column":48}},"type":"cond-expr","locations":[{"start":{"line":54,"column":28},"end":{"line":54,"column":37}},{"start":{"line":54,"column":40},"end":{"line":54,"column":48}}]}},"s":{"0":0,"1":0,"2":0,"3":0,"4":0,"5":0,"6":0,"7":0,"8":0,"9":0,"10":0,"11":0,"12":0,"13":0,"14":0,"15":0,"16":0,"17":0,"18":0,"19":0,"20":0,"21":0,"22":0,"23":0},"f":{"0":0,"1":0,"2":0,"3":0,"4":0,"5":0,"6":0,"7":0,"8":0,"9":0,"10":0},"b":{"0":[0,0],"1":[0,0],"2":[0,0],"3":[0,0],"4":[0,0]}}
,"/home/lucksanjos/Documents/projects/aws-certification/backend/src/exams/services/progress.service.ts": {"path":"/home/lucksanjos/Documents/projects/aws-certification/backend/src/exams/services/progress.service.ts","statementMap":{"0":{"start":{"line":1,"column":0},"end":{"line":1,"column":44}},"1":{"start":{"line":2,"column":0},"end":{"line":2,"column":71}},"2":{"start":{"line":3,"column":0},"end":{"line":3,"column":51}},"3":{"start":{"line":4,"column":0},"end":{"line":4,"column":65}},"4":{"start":{"line":7,"column":7},"end":{"line":86,"column":null}},"5":{"start":{"line":9,"column":21},"end":{"line":9,"column":40}},"6":{"start":{"line":10,"column":21},"end":{"line":10,"column":37}},"7":{"start":{"line":11,"column":21},"end":{"line":11,"column":37}},"8":{"start":{"line":15,"column":21},"end":{"line":17,"column":71}},"9":{"start":{"line":17,"column":24},"end":{"line":17,"column":70}},"10":{"start":{"line":18,"column":21},"end":{"line":18,"column":80}},"11":{"start":{"line":18,"column":50},"end":{"line":18,"column":79}},"12":{"start":{"line":20,"column":6},"end":{"line":20,"column":74}},"13":{"start":{"line":20,"column":33},"end":{"line":20,"column":65}},"14":{"start":{"line":21,"column":25},"end":{"line":26,"column":9}},"15":{"start":{"line":23,"column":46},"end":{"line":23,"column":67}},"16":{"start":{"line":29,"column":25},"end":{"line":35,"column":9}},"17":{"start":{"line":32,"column":25},"end":{"line":35,"column":8}},"18":{"start":{"line":38,"column":24},"end":{"line":38,"column":80}},"19":{"start":{"line":39,"column":4},"end":{"line":52,"column":5}},"20":{"start":{"line":40,"column":22},"end":{"line":40,"column":68}},"21":{"start":{"line":41,"column":6},"end":{"line":51,"column":7}},"22":{"start":{"line":42,"column":8},"end":{"line":42,"column":45}},"23":{"start":{"line":42,"column":36},"end":{"line":42,"column":45}},"24":{"start":{"line":43,"column":25},"end":{"line":43,"column":80}},"25":{"start":{"line":44,"column":8},"end":{"line":50,"column":9}},"26":{"start":{"line":45,"column":28},"end":{"line":45,"column":76}},"27":{"start":{"line":46,"column":24},"end":{"line":46,"column":91}},"28":{"start":{"line":47,"column":10},"end":{"line":47,"column":50}},"29":{"start":{"line":48,"column":10},"end":{"line":48,"column":27}},"30":{"start":{"line":49,"column":10},"end":{"line":49,"column":54}},"31":{"start":{"line":54,"column":30},"end":{"line":57,"column":7}},"32":{"start":{"line":54,"column":90},"end":{"line":57,"column":6}},"33":{"start":{"line":59,"column":4},"end":{"line":80,"column":6}},"34":{"start":{"line":66,"column":29},"end":{"line":66,"column":58}},"35":{"start":{"line":71,"column":30},"end":{"line":71,"column":59}},"36":{"start":{"line":84,"column":4},"end":{"line":84,"column":39}},"37":{"start":{"line":7,"column":13},"end":{"line":7,"column":28}},"38":{"start":{"line":7,"column":13},"end":{"line":86,"column":null}}},"fnMap":{"0":{"name":"(anonymous_2)","decl":{"start":{"line":8,"column":2},"end":{"line":8,"column":null}},"loc":{"start":{"line":11,"column":51},"end":{"line":12,"column":6}}},"1":{"name":"(anonymous_3)","decl":{"start":{"line":14,"column":2},"end":{"line":14,"column":13}},"loc":{"start":{"line":14,"column":13},"end":{"line":81,"column":3}}},"2":{"name":"(anonymous_4)","decl":{"start":{"line":17,"column":11},"end":{"line":17,"column":12}},"loc":{"start":{"line":17,"column":24},"end":{"line":17,"column":70}}},"3":{"name":"(anonymous_5)","decl":{"start":{"line":18,"column":37},"end":{"line":18,"column":38}},"loc":{"start":{"line":18,"column":50},"end":{"line":18,"column":79}}},"4":{"name":"(anonymous_6)","decl":{"start":{"line":20,"column":20},"end":{"line":20,"column":21}},"loc":{"start":{"line":20,"column":33},"end":{"line":20,"column":65}}},"5":{"name":"(anonymous_7)","decl":{"start":{"line":23,"column":26},"end":{"line":23,"column":27}},"loc":{"start":{"line":23,"column":46},"end":{"line":23,"column":67}}},"6":{"name":"(anonymous_8)","decl":{"start":{"line":32,"column":11},"end":{"line":32,"column":12}},"loc":{"start":{"line":32,"column":25},"end":{"line":35,"column":8}}},"7":{"name":"(anonymous_9)","decl":{"start":{"line":54,"column":68},"end":{"line":54,"column":69}},"loc":{"start":{"line":54,"column":90},"end":{"line":57,"column":6}}},"8":{"name":"(anonymous_10)","decl":{"start":{"line":66,"column":10},"end":{"line":66,"column":11}},"loc":{"start":{"line":66,"column":29},"end":{"line":66,"column":58}}},"9":{"name":"(anonymous_11)","decl":{"start":{"line":71,"column":10},"end":{"line":71,"column":11}},"loc":{"start":{"line":71,"column":30},"end":{"line":71,"column":59}}},"10":{"name":"(anonymous_12)","decl":{"start":{"line":83,"column":2},"end":{"line":83,"column":7}},"loc":{"start":{"line":83,"column":7},"end":{"line":85,"column":3}}}},"branchMap":{"0":{"loc":{"start":{"line":20,"column":6},"end":{"line":20,"column":74}},"type":"binary-expr","locations":[{"start":{"line":20,"column":6},"end":{"line":20,"column":66}},{"start":{"line":20,"column":70},"end":{"line":20,"column":74}}]},"1":{"loc":{"start":{"line":21,"column":25},"end":{"line":26,"column":9}},"type":"cond-expr","locations":[{"start":{"line":22,"column":8},"end":{"line":24,"column":null}},{"start":{"line":26,"column":8},"end":{"line":26,"column":9}}]},"2":{"loc":{"start":{"line":42,"column":8},"end":{"line":42,"column":45}},"type":"if","locations":[{"start":{"line":42,"column":8},"end":{"line":42,"column":45}},{"start":{},"end":{}}]},"3":{"loc":{"start":{"line":44,"column":8},"end":{"line":50,"column":9}},"type":"if","locations":[{"start":{"line":44,"column":8},"end":{"line":50,"column":9}},{"start":{},"end":{}}]},"4":{"loc":{"start":{"line":46,"column":24},"end":{"line":46,"column":91}},"type":"binary-expr","locations":[{"start":{"line":46,"column":24},"end":{"line":46,"column":60}},{"start":{"line":46,"column":64},"end":{"line":46,"column":91}}]},"5":{"loc":{"start":{"line":47,"column":30},"end":{"line":47,"column":49}},"type":"cond-expr","locations":[{"start":{"line":47,"column":42},"end":{"line":47,"column":45}},{"start":{"line":47,"column":48},"end":{"line":47,"column":49}}]},"6":{"loc":{"start":{"line":74,"column":29},"end":{"line":74,"column":48}},"type":"binary-expr","locations":[{"start":{"line":74,"column":29},"end":{"line":74,"column":40}},{"start":{"line":74,"column":44},"end":{"line":74,"column":48}}]}},"s":{"0":1,"1":1,"2":1,"3":1,"4":1,"5":1,"6":1,"7":1,"8":1,"9":1,"10":1,"11":1,"12":1,"13":1,"14":1,"15":1,"16":1,"17":1,"18":1,"19":1,"20":1,"21":1,"22":2,"23":0,"24":2,"25":2,"26":2,"27":2,"28":2,"29":2,"30":2,"31":1,"32":2,"33":1,"34":1,"35":1,"36":0,"37":1,"38":1},"f":{"0":1,"1":1,"2":1,"3":1,"4":1,"5":1,"6":1,"7":2,"8":1,"9":1,"10":0},"b":{"0":[1,1],"1":[1,0],"2":[0,2],"3":[2,0],"4":[2,2],"5":[1,1],"6":[1,0]}}
}
